#-----------------------------------------------------------
# Vivado v2018.2.1 (64-bit)
# SW Build 2288692 on Thu Jul 26 18:24:02 MDT 2018
# IP Build 2289599 on Thu Jul 26 21:09:20 MDT 2018
# Start of session at: Tue Apr 16 12:02:26 2024
# Process ID: 1984
# Current directory: L:/Documents/Xilinx/Vivado/Comparator
# Command line: vivado.exe -gui_launcher_event rodinguilauncherevent26588 L:\Documents\Xilinx\Vivado\Comparator\Comparator.xpr
# Log file: L:/Documents/Xilinx/Vivado/Comparator/vivado.log
# Journal file: L:/Documents/Xilinx/Vivado/Comparator\vivado.jou
#-----------------------------------------------------------
start_gui
open_project L:/Documents/Xilinx/Vivado/Comparator/Comparator.xpr
Scanning sources...
Finished scanning sources
INFO: [IP_Flow 19-234] Refreshing IP repositories
INFO: [IP_Flow 19-1704] No user IP repositories specified
INFO: [IP_Flow 19-2313] Loaded Vivado IP repository 'L:/Applications/Xilinx/Vivado/2018.2/data/ip'.
update_compile_order -fileset sources_1
exit
INFO: [Common 17-206] Exiting Vivado at Tue Apr 16 16:15:46 2024...
