#-----------------------------------------------------------
# Vivado v2018.1 (64-bit)
# SW Build 2188600 on Wed Apr  4 18:40:38 MDT 2018
# IP Build 2185939 on Wed Apr  4 20:55:05 MDT 2018
# Start of session at: Sun May  5 20:48:38 2024
# Process ID: 10724
# Current directory: C:/Users/ACER/Desktop/PROM1/PROM1
# Command line: vivado.exe -gui_launcher_event rodinguilauncherevent12784 C:\Users\ACER\Desktop\PROM1\PROM1\PROM1.xpr
# Log file: C:/Users/ACER/Desktop/PROM1/PROM1/vivado.log
# Journal file: C:/Users/ACER/Desktop/PROM1/PROM1\vivado.jou
#-----------------------------------------------------------sstart_guiopen_project C:/Users/ACER/Desktop/PROM1/PROM1/PROM1.xpr
Scanning sources...
Finished scanning sources
INFO: [IP_Flow 19-234] Refreshing IP repositories
INFO: [IP_Flow 19-1704] No user IP repositories specified
INFO: [IP_Flow 19-2313] Loaded Vivado IP repository 'C:/Xilinx/Vivado/2018.1/data/ip'.
open_project: Time (s): cpu = 00:00:16 ; elapsed = 00:00:12 . Memory (MB): peak = 841.113 ; gain = 91.145
update_compile_order -fileset sources_1
update_compile_order -fileset sim_1
exit
INFO: [Common 17-206] Exiting Vivado at Sun May  5 20:50:56 2024...

