#-----------------------------------------------------------
# Vivado v2018.2.1 (64-bit)
# SW Build 2288692 on Thu Jul 26 18:24:02 MDT 2018
# IP Build 2289599 on Thu Jul 26 21:09:20 MDT 2018
# Start of session at: Sun May  5 21:32:46 2024
# Process ID: 26516
# Current directory: C:/Users/USER/Documents/vivado/PROM1/PROM1
# Command line: vivado.exe -gui_launcher_event rodinguilauncherevent25316 C:\Users\USER\Documents\vivado\PROM1\PROM1\PROM1.xpr
# Log file: C:/Users/USER/Documents/vivado/PROM1/PROM1/vivado.log
# Journal file: C:/Users/USER/Documents/vivado/PROM1/PROM1\vivado.jou
#-----------------------------------------------------------
start_gui
open_project C:/Users/USER/Documents/vivado/PROM1/PROM1/PROM1.xpr
INFO: [Project 1-313] Project file moved from 'C:/Users/ACER/Desktop/PROM1/PROM1' since last save.
Scanning sources...
Finished scanning sources
INFO: [Project 1-230] Project 'PROM1.xpr' upgraded for this version of Vivado.
INFO: [IP_Flow 19-234] Refreshing IP repositories
INFO: [IP_Flow 19-1704] No user IP repositories specified
INFO: [IP_Flow 19-2313] Loaded Vivado IP repository 'D:/Softwares/xilinx/Vivado/2018.2/data/ip'.
update_compile_order -fileset sources_1
launch_simulation
INFO: [Vivado 12-5682] Launching behavioral simulation in 'C:/Users/USER/Documents/vivado/PROM1/PROM1/PROM1.sim/sim_1/behav/xsim'
INFO: [SIM-utils-51] Simulation object is 'sim_1'
INFO: [SIM-utils-54] Inspecting design source files for 'PROMSim' in fileset 'sim_1'...
INFO: [USF-XSim-97] Finding global include files...
INFO: [USF-XSim-98] Fetching design files from 'sim_1'...
INFO: [USF-XSim-2] XSim::Compile design
INFO: [USF-XSim-61] Executing 'COMPILE and ANALYZE' step in 'C:/Users/USER/Documents/vivado/PROM1/PROM1/PROM1.sim/sim_1/behav/xsim'
"xvhdl --incr --relax -prj PROMSim_vhdl.prj"
INFO: [VRFC 10-163] Analyzing VHDL file "C:/Users/USER/Documents/vivado/PROM1/PROM1/PROM1.srcs/sources_1/new/PROM1.vhd" into library xil_defaultlib
INFO: [VRFC 10-307] analyzing entity PROM
INFO: [VRFC 10-163] Analyzing VHDL file "C:/Users/USER/Documents/vivado/PROM1/PROM1/PROM1.srcs/sim_1/new/PROM1Sim.vhd" into library xil_defaultlib
INFO: [VRFC 10-307] analyzing entity PROMSim
INFO: [USF-XSim-69] 'compile' step finished in '2' seconds
INFO: [USF-XSim-3] XSim::Elaborate design
INFO: [USF-XSim-61] Executing 'ELABORATE' step in 'C:/Users/USER/Documents/vivado/PROM1/PROM1/PROM1.sim/sim_1/behav/xsim'
Vivado Simulator 2018.2
Copyright 1986-1999, 2001-2018 Xilinx, Inc. All Rights Reserved.
Running: D:/Softwares/xilinx/Vivado/2018.2/bin/unwrapped/win64.o/xelab.exe -wto 7d7160ccc8bc4788b72150acad32265a --incr --debug typical --relax --mt 2 -L xil_defaultlib -L secureip --snapshot PROMSim_behav xil_defaultlib.PROMSim -log elaborate.log 
Using 2 slave threads.
Starting static elaboration
Completed static elaboration
Starting simulation data flow analysis
Completed simulation data flow analysis
Time Resolution for simulation is 1ps
Compiling package std.standard
Compiling package std.textio
Compiling package ieee.std_logic_1164
Compiling package ieee.numeric_std
Compiling architecture behavioral of entity xil_defaultlib.PROM [prom_default]
Compiling architecture behavioral of entity xil_defaultlib.promsim
Built simulation snapshot PROMSim_behav

****** Webtalk v2018.2.1 (64-bit)
  **** SW Build 2288692 on Thu Jul 26 18:24:02 MDT 2018
  **** IP Build 2289599 on Thu Jul 26 21:09:20 MDT 2018
    ** Copyright 1986-2018 Xilinx, Inc. All Rights Reserved.

source C:/Users/USER/Documents/vivado/PROM1/PROM1/PROM1.sim/sim_1/behav/xsim/xsim.dir/PROMSim_behav/webtalk/xsim_webtalk.tcl -notrace
INFO: [Common 17-206] Exiting Webtalk at Sun May  5 21:33:16 2024...
INFO: [USF-XSim-69] 'elaborate' step finished in '5' seconds
INFO: [USF-XSim-4] XSim::Simulate design
INFO: [USF-XSim-61] Executing 'SIMULATE' step in 'C:/Users/USER/Documents/vivado/PROM1/PROM1/PROM1.sim/sim_1/behav/xsim'
INFO: [USF-XSim-98] *** Running xsim
   with args "PROMSim_behav -key {Behavioral:sim_1:Functional:PROMSim} -tclbatch {PROMSim.tcl} -log {simulate.log}"
INFO: [USF-XSim-8] Loading simulator feature
Vivado Simulator 2018.2
Time resolution is 1 ps
source PROMSim.tcl
# set curr_wave [current_wave_config]
# if { [string length $curr_wave] == 0 } {
#   if { [llength [get_objects]] > 0} {
#     add_wave /
#     set_property needs_save false [current_wave_config]
#   } else {
#      send_msg_id Add_Wave-1 WARNING "No top level signals found. Simulator will start without a wave window. If you want to open a wave window go to 'File->New Waveform Configuration' or type 'create_wave_config' in the TCL console."
#   }
# }
# run 1000ns
INFO: [USF-XSim-96] XSim completed. Design snapshot 'PROMSim_behav' loaded.
INFO: [USF-XSim-97] XSim simulation ran for 1000ns
launch_simulation: Time (s): cpu = 00:00:04 ; elapsed = 00:00:10 . Memory (MB): peak = 870.844 ; gain = 10.562
close_sim
INFO: [Simtcl 6-16] Simulation closed
exit
INFO: [Common 17-206] Exiting Vivado at Sun May  5 21:33:30 2024...
