
*** Running vivado
    with args -log Nanoprocessor2.vds -m64 -product Vivado -mode batch -messageDb vivado.pb -notrace -source Nanoprocessor2.tcl


****** Vivado v2018.2.1 (64-bit)
  **** SW Build 2288692 on Thu Jul 26 18:24:02 MDT 2018
  **** IP Build 2289599 on Thu Jul 26 21:09:20 MDT 2018
    ** Copyright 1986-2018 Xilinx, Inc. All Rights Reserved.

source Nanoprocessor2.tcl -notrace
Command: synth_design -top Nanoprocessor2 -part xc7a35tcpg236-1
Starting synth_design
Attempting to get a license for feature 'Synthesis' and/or device 'xc7a35t'
INFO: [Common 17-349] Got license for feature 'Synthesis' and/or device 'xc7a35t'
INFO: Launching helper process for spawning children vivado processes
INFO: Helper process launched with PID 32308 
---------------------------------------------------------------------------------
Starting RTL Elaboration : Time (s): cpu = 00:00:01 ; elapsed = 00:00:02 . Memory (MB): peak = 382.617 ; gain = 97.219
---------------------------------------------------------------------------------
INFO: [Synth 8-638] synthesizing module 'Nanoprocessor2' [L:/Documents/Xilinx/to submit/Improved Nanoprocessor/FinalNanoprocessor - Iterative Add/Nanoprocessor2.srcs/sources_1/new/Nanoprocessor2.vhd:50]
INFO: [Synth 8-3491] module 'CLOCK' declared at 'L:/Documents/Xilinx/to submit/Improved Nanoprocessor/FinalNanoprocessor - Iterative Add/needed components/CLOCK.vhd:17' bound to instance 'Slow_Clock' of component 'CLOCK' [L:/Documents/Xilinx/to submit/Improved Nanoprocessor/FinalNanoprocessor - Iterative Add/Nanoprocessor2.srcs/sources_1/new/Nanoprocessor2.vhd:195]
INFO: [Synth 8-638] synthesizing module 'CLOCK' [L:/Documents/Xilinx/to submit/Improved Nanoprocessor/FinalNanoprocessor - Iterative Add/needed components/CLOCK.vhd:22]
INFO: [Synth 8-256] done synthesizing module 'CLOCK' (1#1) [L:/Documents/Xilinx/to submit/Improved Nanoprocessor/FinalNanoprocessor - Iterative Add/needed components/CLOCK.vhd:22]
INFO: [Synth 8-3491] module 'Bit14_Instruction_Decoder' declared at 'L:/Documents/Xilinx/to submit/Improved Nanoprocessor/FinalNanoprocessor - Iterative Add/needed components/14Bit_Instruction_Decoder.vhd:34' bound to instance 'Shakthis_Instruction_Decoder' of component 'Bit14_Instruction_Decoder' [L:/Documents/Xilinx/to submit/Improved Nanoprocessor/FinalNanoprocessor - Iterative Add/Nanoprocessor2.srcs/sources_1/new/Nanoprocessor2.vhd:199]
INFO: [Synth 8-638] synthesizing module 'Bit14_Instruction_Decoder' [L:/Documents/Xilinx/to submit/Improved Nanoprocessor/FinalNanoprocessor - Iterative Add/needed components/14Bit_Instruction_Decoder.vhd:52]
INFO: [Synth 8-3491] module 'MUX_2_way_3_bit' declared at 'L:/Documents/Xilinx/to submit/Improved Nanoprocessor/FinalNanoprocessor - Iterative Add/needed components/MUX_2_way_3_bit.vhd:34' bound to instance 'Internal_Mux' of component 'MUX_2_way_3_bit' [L:/Documents/Xilinx/to submit/Improved Nanoprocessor/FinalNanoprocessor - Iterative Add/needed components/14Bit_Instruction_Decoder.vhd:84]
INFO: [Synth 8-638] synthesizing module 'MUX_2_way_3_bit' [L:/Documents/Xilinx/to submit/Improved Nanoprocessor/FinalNanoprocessor - Iterative Add/needed components/MUX_2_way_3_bit.vhd:41]
INFO: [Synth 8-256] done synthesizing module 'MUX_2_way_3_bit' (2#1) [L:/Documents/Xilinx/to submit/Improved Nanoprocessor/FinalNanoprocessor - Iterative Add/needed components/MUX_2_way_3_bit.vhd:41]
INFO: [Synth 8-256] done synthesizing module 'Bit14_Instruction_Decoder' (3#1) [L:/Documents/Xilinx/to submit/Improved Nanoprocessor/FinalNanoprocessor - Iterative Add/needed components/14Bit_Instruction_Decoder.vhd:52]
INFO: [Synth 8-3491] module 'Carry_Look_Ahead_Adder_Subtractor' declared at 'L:/Documents/Xilinx/to submit/Improved Nanoprocessor/FinalNanoprocessor - Iterative Add/needed components/Carry_Look_Ahead_Adder_Subtractor.vhd:17' bound to instance 'Lords_Adder' of component 'Carry_Look_Ahead_Adder_Subtractor' [L:/Documents/Xilinx/to submit/Improved Nanoprocessor/FinalNanoprocessor - Iterative Add/Nanoprocessor2.srcs/sources_1/new/Nanoprocessor2.vhd:213]
INFO: [Synth 8-638] synthesizing module 'Carry_Look_Ahead_Adder_Subtractor' [L:/Documents/Xilinx/to submit/Improved Nanoprocessor/FinalNanoprocessor - Iterative Add/needed components/Carry_Look_Ahead_Adder_Subtractor.vhd:30]
INFO: [Synth 8-3491] module 'Full_Adder' declared at 'L:/Documents/Xilinx/to submit/Improved Nanoprocessor/FinalNanoprocessor - Iterative Add/needed components/Full_Adder.vhd:17' bound to instance 'Full_Adder_0' of component 'Full_Adder' [L:/Documents/Xilinx/to submit/Improved Nanoprocessor/FinalNanoprocessor - Iterative Add/needed components/Carry_Look_Ahead_Adder_Subtractor.vhd:58]
INFO: [Synth 8-638] synthesizing module 'Full_Adder' [L:/Documents/Xilinx/to submit/Improved Nanoprocessor/FinalNanoprocessor - Iterative Add/needed components/Full_Adder.vhd:27]
INFO: [Synth 8-3491] module 'Half_Adder' declared at 'L:/Documents/Xilinx/to submit/Improved Nanoprocessor/FinalNanoprocessor - Iterative Add/needed components/Half_Adder.vhd:17' bound to instance 'Half_Adder_2' of component 'Half_Adder' [L:/Documents/Xilinx/to submit/Improved Nanoprocessor/FinalNanoprocessor - Iterative Add/needed components/Full_Adder.vhd:38]
INFO: [Synth 8-638] synthesizing module 'Half_Adder' [L:/Documents/Xilinx/to submit/Improved Nanoprocessor/FinalNanoprocessor - Iterative Add/needed components/Half_Adder.vhd:24]
INFO: [Synth 8-256] done synthesizing module 'Half_Adder' (4#1) [L:/Documents/Xilinx/to submit/Improved Nanoprocessor/FinalNanoprocessor - Iterative Add/needed components/Half_Adder.vhd:24]
INFO: [Synth 8-3491] module 'Half_Adder' declared at 'L:/Documents/Xilinx/to submit/Improved Nanoprocessor/FinalNanoprocessor - Iterative Add/needed components/Half_Adder.vhd:17' bound to instance 'Half_Adder_1' of component 'Half_Adder' [L:/Documents/Xilinx/to submit/Improved Nanoprocessor/FinalNanoprocessor - Iterative Add/needed components/Full_Adder.vhd:45]
INFO: [Synth 8-256] done synthesizing module 'Full_Adder' (5#1) [L:/Documents/Xilinx/to submit/Improved Nanoprocessor/FinalNanoprocessor - Iterative Add/needed components/Full_Adder.vhd:27]
INFO: [Synth 8-3491] module 'Full_Adder' declared at 'L:/Documents/Xilinx/to submit/Improved Nanoprocessor/FinalNanoprocessor - Iterative Add/needed components/Full_Adder.vhd:17' bound to instance 'Full_Adder_1' of component 'Full_Adder' [L:/Documents/Xilinx/to submit/Improved Nanoprocessor/FinalNanoprocessor - Iterative Add/needed components/Carry_Look_Ahead_Adder_Subtractor.vhd:67]
INFO: [Synth 8-3491] module 'Full_Adder' declared at 'L:/Documents/Xilinx/to submit/Improved Nanoprocessor/FinalNanoprocessor - Iterative Add/needed components/Full_Adder.vhd:17' bound to instance 'Full_Adder_2' of component 'Full_Adder' [L:/Documents/Xilinx/to submit/Improved Nanoprocessor/FinalNanoprocessor - Iterative Add/needed components/Carry_Look_Ahead_Adder_Subtractor.vhd:75]
INFO: [Synth 8-3491] module 'Full_Adder' declared at 'L:/Documents/Xilinx/to submit/Improved Nanoprocessor/FinalNanoprocessor - Iterative Add/needed components/Full_Adder.vhd:17' bound to instance 'Full_Adder_3' of component 'Full_Adder' [L:/Documents/Xilinx/to submit/Improved Nanoprocessor/FinalNanoprocessor - Iterative Add/needed components/Carry_Look_Ahead_Adder_Subtractor.vhd:83]
INFO: [Synth 8-3491] module 'Carry_Look_Ahead' declared at 'L:/Documents/Xilinx/to submit/Improved Nanoprocessor/FinalNanoprocessor - Iterative Add/needed components/Carry_Look_Ahead.vhd:17' bound to instance 'Carry_Look_Ahead_0' of component 'Carry_Look_Ahead' [L:/Documents/Xilinx/to submit/Improved Nanoprocessor/FinalNanoprocessor - Iterative Add/needed components/Carry_Look_Ahead_Adder_Subtractor.vhd:90]
INFO: [Synth 8-638] synthesizing module 'Carry_Look_Ahead' [L:/Documents/Xilinx/to submit/Improved Nanoprocessor/FinalNanoprocessor - Iterative Add/needed components/Carry_Look_Ahead.vhd:24]
INFO: [Synth 8-256] done synthesizing module 'Carry_Look_Ahead' (6#1) [L:/Documents/Xilinx/to submit/Improved Nanoprocessor/FinalNanoprocessor - Iterative Add/needed components/Carry_Look_Ahead.vhd:24]
INFO: [Synth 8-256] done synthesizing module 'Carry_Look_Ahead_Adder_Subtractor' (7#1) [L:/Documents/Xilinx/to submit/Improved Nanoprocessor/FinalNanoprocessor - Iterative Add/needed components/Carry_Look_Ahead_Adder_Subtractor.vhd:30]
INFO: [Synth 8-3491] module 'MUX_2_way_4_bit' declared at 'L:/Documents/Xilinx/to submit/Improved Nanoprocessor/FinalNanoprocessor - Iterative Add/needed components/MUX_2_way_4_bit.vhd:34' bound to instance 'Madhawas_Mux_Above_InstructionDecoder' of component 'MUX_2_way_4_bit' [L:/Documents/Xilinx/to submit/Improved Nanoprocessor/FinalNanoprocessor - Iterative Add/Nanoprocessor2.srcs/sources_1/new/Nanoprocessor2.vhd:226]
INFO: [Synth 8-638] synthesizing module 'MUX_2_way_4_bit' [L:/Documents/Xilinx/to submit/Improved Nanoprocessor/FinalNanoprocessor - Iterative Add/needed components/MUX_2_way_4_bit.vhd:41]
INFO: [Synth 8-256] done synthesizing module 'MUX_2_way_4_bit' (8#1) [L:/Documents/Xilinx/to submit/Improved Nanoprocessor/FinalNanoprocessor - Iterative Add/needed components/MUX_2_way_4_bit.vhd:41]
INFO: [Synth 8-3491] module 'RegisterBank' declared at 'L:/Documents/Xilinx/to submit/Improved Nanoprocessor/FinalNanoprocessor - Iterative Add/needed components/RegisterBank.vhd:34' bound to instance 'Madhawas_Register_Bank' of component 'RegisterBank' [L:/Documents/Xilinx/to submit/Improved Nanoprocessor/FinalNanoprocessor - Iterative Add/Nanoprocessor2.srcs/sources_1/new/Nanoprocessor2.vhd:232]
INFO: [Synth 8-638] synthesizing module 'RegisterBank' [L:/Documents/Xilinx/to submit/Improved Nanoprocessor/FinalNanoprocessor - Iterative Add/needed components/RegisterBank.vhd:48]
INFO: [Synth 8-3491] module 'Decoder_3_to_8' declared at 'L:/Documents/Xilinx/to submit/Improved Nanoprocessor/FinalNanoprocessor - Iterative Add/needed components/Decoder_3_to_8.vhd:34' bound to instance 'Decoder_3_to_8_0' of component 'Decoder_3_to_8' [L:/Documents/Xilinx/to submit/Improved Nanoprocessor/FinalNanoprocessor - Iterative Add/needed components/RegisterBank.vhd:67]
INFO: [Synth 8-638] synthesizing module 'Decoder_3_to_8' [L:/Documents/Xilinx/to submit/Improved Nanoprocessor/FinalNanoprocessor - Iterative Add/needed components/Decoder_3_to_8.vhd:40]
INFO: [Synth 8-3491] module 'Decoder_2_to_4' declared at 'L:/Documents/Xilinx/to submit/Improved Nanoprocessor/FinalNanoprocessor - Iterative Add/needed components/Decoder_2_to_4.vhd:34' bound to instance 'Decoder_2_to_4_0' of component 'Decoder_2_to_4' [L:/Documents/Xilinx/to submit/Improved Nanoprocessor/FinalNanoprocessor - Iterative Add/needed components/Decoder_3_to_8.vhd:55]
INFO: [Synth 8-638] synthesizing module 'Decoder_2_to_4' [L:/Documents/Xilinx/to submit/Improved Nanoprocessor/FinalNanoprocessor - Iterative Add/needed components/Decoder_2_to_4.vhd:40]
INFO: [Synth 8-256] done synthesizing module 'Decoder_2_to_4' (9#1) [L:/Documents/Xilinx/to submit/Improved Nanoprocessor/FinalNanoprocessor - Iterative Add/needed components/Decoder_2_to_4.vhd:40]
INFO: [Synth 8-3491] module 'Decoder_2_to_4' declared at 'L:/Documents/Xilinx/to submit/Improved Nanoprocessor/FinalNanoprocessor - Iterative Add/needed components/Decoder_2_to_4.vhd:34' bound to instance 'Decoder_2_to_4_1' of component 'Decoder_2_to_4' [L:/Documents/Xilinx/to submit/Improved Nanoprocessor/FinalNanoprocessor - Iterative Add/needed components/Decoder_3_to_8.vhd:62]
INFO: [Synth 8-256] done synthesizing module 'Decoder_3_to_8' (10#1) [L:/Documents/Xilinx/to submit/Improved Nanoprocessor/FinalNanoprocessor - Iterative Add/needed components/Decoder_3_to_8.vhd:40]
INFO: [Synth 8-3491] module 'Register_4_bit' declared at 'L:/Documents/Xilinx/to submit/Improved Nanoprocessor/FinalNanoprocessor - Iterative Add/needed components/Register_4_bit.vhd:34' bound to instance 'Register_4_bit_0' of component 'Register_4_bit' [L:/Documents/Xilinx/to submit/Improved Nanoprocessor/FinalNanoprocessor - Iterative Add/needed components/RegisterBank.vhd:73]
INFO: [Synth 8-638] synthesizing module 'Register_4_bit' [L:/Documents/Xilinx/to submit/Improved Nanoprocessor/FinalNanoprocessor - Iterative Add/needed components/Register_4_bit.vhd:42]
INFO: [Synth 8-256] done synthesizing module 'Register_4_bit' (11#1) [L:/Documents/Xilinx/to submit/Improved Nanoprocessor/FinalNanoprocessor - Iterative Add/needed components/Register_4_bit.vhd:42]
INFO: [Synth 8-3491] module 'Register_4_bit' declared at 'L:/Documents/Xilinx/to submit/Improved Nanoprocessor/FinalNanoprocessor - Iterative Add/needed components/Register_4_bit.vhd:34' bound to instance 'Register_4_bit_1' of component 'Register_4_bit' [L:/Documents/Xilinx/to submit/Improved Nanoprocessor/FinalNanoprocessor - Iterative Add/needed components/RegisterBank.vhd:80]
INFO: [Synth 8-3491] module 'Register_4_bit' declared at 'L:/Documents/Xilinx/to submit/Improved Nanoprocessor/FinalNanoprocessor - Iterative Add/needed components/Register_4_bit.vhd:34' bound to instance 'Register_4_bit_2' of component 'Register_4_bit' [L:/Documents/Xilinx/to submit/Improved Nanoprocessor/FinalNanoprocessor - Iterative Add/needed components/RegisterBank.vhd:94]
INFO: [Synth 8-3491] module 'Register_4_bit' declared at 'L:/Documents/Xilinx/to submit/Improved Nanoprocessor/FinalNanoprocessor - Iterative Add/needed components/Register_4_bit.vhd:34' bound to instance 'Register_4_bit_3' of component 'Register_4_bit' [L:/Documents/Xilinx/to submit/Improved Nanoprocessor/FinalNanoprocessor - Iterative Add/needed components/RegisterBank.vhd:101]
INFO: [Synth 8-3491] module 'Register_4_bit' declared at 'L:/Documents/Xilinx/to submit/Improved Nanoprocessor/FinalNanoprocessor - Iterative Add/needed components/Register_4_bit.vhd:34' bound to instance 'Register_4_bit_4' of component 'Register_4_bit' [L:/Documents/Xilinx/to submit/Improved Nanoprocessor/FinalNanoprocessor - Iterative Add/needed components/RegisterBank.vhd:108]
INFO: [Synth 8-3491] module 'Register_4_bit' declared at 'L:/Documents/Xilinx/to submit/Improved Nanoprocessor/FinalNanoprocessor - Iterative Add/needed components/Register_4_bit.vhd:34' bound to instance 'Register_4_bit_5' of component 'Register_4_bit' [L:/Documents/Xilinx/to submit/Improved Nanoprocessor/FinalNanoprocessor - Iterative Add/needed components/RegisterBank.vhd:115]
INFO: [Synth 8-3491] module 'Register_4_bit' declared at 'L:/Documents/Xilinx/to submit/Improved Nanoprocessor/FinalNanoprocessor - Iterative Add/needed components/Register_4_bit.vhd:34' bound to instance 'Register_4_bit_6' of component 'Register_4_bit' [L:/Documents/Xilinx/to submit/Improved Nanoprocessor/FinalNanoprocessor - Iterative Add/needed components/RegisterBank.vhd:122]
INFO: [Synth 8-3491] module 'Register_4_bit' declared at 'L:/Documents/Xilinx/to submit/Improved Nanoprocessor/FinalNanoprocessor - Iterative Add/needed components/Register_4_bit.vhd:34' bound to instance 'Register_4_bit_7' of component 'Register_4_bit' [L:/Documents/Xilinx/to submit/Improved Nanoprocessor/FinalNanoprocessor - Iterative Add/needed components/RegisterBank.vhd:129]
INFO: [Synth 8-256] done synthesizing module 'RegisterBank' (12#1) [L:/Documents/Xilinx/to submit/Improved Nanoprocessor/FinalNanoprocessor - Iterative Add/needed components/RegisterBank.vhd:48]
INFO: [Synth 8-3491] module 'MUX_8_way_4_bit' declared at 'L:/Documents/Xilinx/to submit/Improved Nanoprocessor/FinalNanoprocessor - Iterative Add/needed components/MUX_8_way_4_bit.vhd:34' bound to instance 'Madhawas_Mux_A_Above_Adder' of component 'MUX_8_way_4_bit' [L:/Documents/Xilinx/to submit/Improved Nanoprocessor/FinalNanoprocessor - Iterative Add/Nanoprocessor2.srcs/sources_1/new/Nanoprocessor2.vhd:245]
INFO: [Synth 8-638] synthesizing module 'MUX_8_way_4_bit' [L:/Documents/Xilinx/to submit/Improved Nanoprocessor/FinalNanoprocessor - Iterative Add/needed components/MUX_8_way_4_bit.vhd:47]
INFO: [Synth 8-3491] module 'MUX_8_to_1' declared at 'L:/Documents/Xilinx/to submit/Improved Nanoprocessor/FinalNanoprocessor - Iterative Add/needed components/MUX_8_to_1.vhd:34' bound to instance 'MUX_8_to_1_0' of component 'MUX_8_to_1' [L:/Documents/Xilinx/to submit/Improved Nanoprocessor/FinalNanoprocessor - Iterative Add/needed components/MUX_8_way_4_bit.vhd:60]
INFO: [Synth 8-638] synthesizing module 'MUX_8_to_1' [L:/Documents/Xilinx/to submit/Improved Nanoprocessor/FinalNanoprocessor - Iterative Add/needed components/MUX_8_to_1.vhd:41]
INFO: [Synth 8-3491] module 'Decoder_3_to_8' declared at 'L:/Documents/Xilinx/to submit/Improved Nanoprocessor/FinalNanoprocessor - Iterative Add/needed components/Decoder_3_to_8.vhd:34' bound to instance 'Decoder_3_to_8_0' of component 'Decoder_3_to_8' [L:/Documents/Xilinx/to submit/Improved Nanoprocessor/FinalNanoprocessor - Iterative Add/needed components/MUX_8_to_1.vhd:53]
INFO: [Synth 8-256] done synthesizing module 'MUX_8_to_1' (13#1) [L:/Documents/Xilinx/to submit/Improved Nanoprocessor/FinalNanoprocessor - Iterative Add/needed components/MUX_8_to_1.vhd:41]
INFO: [Synth 8-3491] module 'MUX_8_to_1' declared at 'L:/Documents/Xilinx/to submit/Improved Nanoprocessor/FinalNanoprocessor - Iterative Add/needed components/MUX_8_to_1.vhd:34' bound to instance 'MUX_8_to_1_1' of component 'MUX_8_to_1' [L:/Documents/Xilinx/to submit/Improved Nanoprocessor/FinalNanoprocessor - Iterative Add/needed components/MUX_8_way_4_bit.vhd:75]
INFO: [Synth 8-3491] module 'MUX_8_to_1' declared at 'L:/Documents/Xilinx/to submit/Improved Nanoprocessor/FinalNanoprocessor - Iterative Add/needed components/MUX_8_to_1.vhd:34' bound to instance 'MUX_8_to_1_2' of component 'MUX_8_to_1' [L:/Documents/Xilinx/to submit/Improved Nanoprocessor/FinalNanoprocessor - Iterative Add/needed components/MUX_8_way_4_bit.vhd:90]
INFO: [Synth 8-3491] module 'MUX_8_to_1' declared at 'L:/Documents/Xilinx/to submit/Improved Nanoprocessor/FinalNanoprocessor - Iterative Add/needed components/MUX_8_to_1.vhd:34' bound to instance 'MUX_8_to_1_3' of component 'MUX_8_to_1' [L:/Documents/Xilinx/to submit/Improved Nanoprocessor/FinalNanoprocessor - Iterative Add/needed components/MUX_8_way_4_bit.vhd:105]
INFO: [Synth 8-256] done synthesizing module 'MUX_8_way_4_bit' (14#1) [L:/Documents/Xilinx/to submit/Improved Nanoprocessor/FinalNanoprocessor - Iterative Add/needed components/MUX_8_way_4_bit.vhd:47]
INFO: [Synth 8-3491] module 'MUX_8_way_4_bit' declared at 'L:/Documents/Xilinx/to submit/Improved Nanoprocessor/FinalNanoprocessor - Iterative Add/needed components/MUX_8_way_4_bit.vhd:34' bound to instance 'Madhawas_Mux_B_Above_Adder' of component 'MUX_8_way_4_bit' [L:/Documents/Xilinx/to submit/Improved Nanoprocessor/FinalNanoprocessor - Iterative Add/Nanoprocessor2.srcs/sources_1/new/Nanoprocessor2.vhd:257]
INFO: [Synth 8-3491] module 'ProgramCounter' declared at 'L:/Documents/Xilinx/to submit/Improved Nanoprocessor/FinalNanoprocessor - Iterative Add/needed components/ProgramCounter.vhd:34' bound to instance 'Shakthis_Program_Counter' of component 'ProgramCounter' [L:/Documents/Xilinx/to submit/Improved Nanoprocessor/FinalNanoprocessor - Iterative Add/Nanoprocessor2.srcs/sources_1/new/Nanoprocessor2.vhd:269]
INFO: [Synth 8-638] synthesizing module 'ProgramCounter' [L:/Documents/Xilinx/to submit/Improved Nanoprocessor/FinalNanoprocessor - Iterative Add/needed components/ProgramCounter.vhd:41]
INFO: [Synth 8-3491] module 'D_FF' declared at 'L:/Documents/Xilinx/to submit/Improved Nanoprocessor/FinalNanoprocessor - Iterative Add/needed components/D_FF.vhd:25' bound to instance 'D0' of component 'D_FF' [L:/Documents/Xilinx/to submit/Improved Nanoprocessor/FinalNanoprocessor - Iterative Add/needed components/ProgramCounter.vhd:55]
INFO: [Synth 8-638] synthesizing module 'D_FF' [L:/Documents/Xilinx/to submit/Improved Nanoprocessor/FinalNanoprocessor - Iterative Add/needed components/D_FF.vhd:33]
INFO: [Synth 8-256] done synthesizing module 'D_FF' (15#1) [L:/Documents/Xilinx/to submit/Improved Nanoprocessor/FinalNanoprocessor - Iterative Add/needed components/D_FF.vhd:33]
INFO: [Synth 8-3491] module 'D_FF' declared at 'L:/Documents/Xilinx/to submit/Improved Nanoprocessor/FinalNanoprocessor - Iterative Add/needed components/D_FF.vhd:25' bound to instance 'D1' of component 'D_FF' [L:/Documents/Xilinx/to submit/Improved Nanoprocessor/FinalNanoprocessor - Iterative Add/needed components/ProgramCounter.vhd:63]
INFO: [Synth 8-3491] module 'D_FF' declared at 'L:/Documents/Xilinx/to submit/Improved Nanoprocessor/FinalNanoprocessor - Iterative Add/needed components/D_FF.vhd:25' bound to instance 'D2' of component 'D_FF' [L:/Documents/Xilinx/to submit/Improved Nanoprocessor/FinalNanoprocessor - Iterative Add/needed components/ProgramCounter.vhd:71]
INFO: [Synth 8-3491] module 'D_FF' declared at 'L:/Documents/Xilinx/to submit/Improved Nanoprocessor/FinalNanoprocessor - Iterative Add/needed components/D_FF.vhd:25' bound to instance 'D3' of component 'D_FF' [L:/Documents/Xilinx/to submit/Improved Nanoprocessor/FinalNanoprocessor - Iterative Add/needed components/ProgramCounter.vhd:79]
INFO: [Synth 8-256] done synthesizing module 'ProgramCounter' (16#1) [L:/Documents/Xilinx/to submit/Improved Nanoprocessor/FinalNanoprocessor - Iterative Add/needed components/ProgramCounter.vhd:41]
INFO: [Synth 8-3491] module 'RCA_4' declared at 'L:/Documents/Xilinx/to submit/Improved Nanoprocessor/FinalNanoprocessor - Iterative Add/needed components/RCA_4.vhd:34' bound to instance 'Sansalas_Adder_For_Program_Counter' of component 'RCA_4' [L:/Documents/Xilinx/to submit/Improved Nanoprocessor/FinalNanoprocessor - Iterative Add/Nanoprocessor2.srcs/sources_1/new/Nanoprocessor2.vhd:275]
INFO: [Synth 8-638] synthesizing module 'RCA_4' [L:/Documents/Xilinx/to submit/Improved Nanoprocessor/FinalNanoprocessor - Iterative Add/needed components/RCA_4.vhd:39]
INFO: [Synth 8-3491] module 'FA' declared at 'L:/Documents/Xilinx/to submit/Improved Nanoprocessor/FinalNanoprocessor - Iterative Add/needed components/FA.vhd:34' bound to instance 'FA_0' of component 'FA' [L:/Documents/Xilinx/to submit/Improved Nanoprocessor/FinalNanoprocessor - Iterative Add/needed components/RCA_4.vhd:55]
INFO: [Synth 8-638] synthesizing module 'FA' [L:/Documents/Xilinx/to submit/Improved Nanoprocessor/FinalNanoprocessor - Iterative Add/needed components/FA.vhd:42]
INFO: [Synth 8-3491] module 'HA' declared at 'L:/Documents/Xilinx/to submit/Improved Nanoprocessor/FinalNanoprocessor - Iterative Add/needed components/HA.vhd:34' bound to instance 'HA_0' of component 'HA' [L:/Documents/Xilinx/to submit/Improved Nanoprocessor/FinalNanoprocessor - Iterative Add/needed components/FA.vhd:56]
INFO: [Synth 8-638] synthesizing module 'HA' [L:/Documents/Xilinx/to submit/Improved Nanoprocessor/FinalNanoprocessor - Iterative Add/needed components/HA.vhd:41]
INFO: [Synth 8-256] done synthesizing module 'HA' (17#1) [L:/Documents/Xilinx/to submit/Improved Nanoprocessor/FinalNanoprocessor - Iterative Add/needed components/HA.vhd:41]
INFO: [Synth 8-3491] module 'HA' declared at 'L:/Documents/Xilinx/to submit/Improved Nanoprocessor/FinalNanoprocessor - Iterative Add/needed components/HA.vhd:34' bound to instance 'HA_1' of component 'HA' [L:/Documents/Xilinx/to submit/Improved Nanoprocessor/FinalNanoprocessor - Iterative Add/needed components/FA.vhd:63]
INFO: [Synth 8-256] done synthesizing module 'FA' (18#1) [L:/Documents/Xilinx/to submit/Improved Nanoprocessor/FinalNanoprocessor - Iterative Add/needed components/FA.vhd:42]
INFO: [Synth 8-3491] module 'FA' declared at 'L:/Documents/Xilinx/to submit/Improved Nanoprocessor/FinalNanoprocessor - Iterative Add/needed components/FA.vhd:34' bound to instance 'FA_1' of component 'FA' [L:/Documents/Xilinx/to submit/Improved Nanoprocessor/FinalNanoprocessor - Iterative Add/needed components/RCA_4.vhd:63]
INFO: [Synth 8-3491] module 'FA' declared at 'L:/Documents/Xilinx/to submit/Improved Nanoprocessor/FinalNanoprocessor - Iterative Add/needed components/FA.vhd:34' bound to instance 'FA_2' of component 'FA' [L:/Documents/Xilinx/to submit/Improved Nanoprocessor/FinalNanoprocessor - Iterative Add/needed components/RCA_4.vhd:71]
INFO: [Synth 8-3491] module 'FA' declared at 'L:/Documents/Xilinx/to submit/Improved Nanoprocessor/FinalNanoprocessor - Iterative Add/needed components/FA.vhd:34' bound to instance 'FA_3' of component 'FA' [L:/Documents/Xilinx/to submit/Improved Nanoprocessor/FinalNanoprocessor - Iterative Add/needed components/RCA_4.vhd:78]
INFO: [Synth 8-256] done synthesizing module 'RCA_4' (19#1) [L:/Documents/Xilinx/to submit/Improved Nanoprocessor/FinalNanoprocessor - Iterative Add/needed components/RCA_4.vhd:39]
INFO: [Synth 8-3491] module 'MUX_2_way_4_bit' declared at 'L:/Documents/Xilinx/to submit/Improved Nanoprocessor/FinalNanoprocessor - Iterative Add/needed components/MUX_2_way_4_bit.vhd:34' bound to instance 'Madhawas_Mux_For_Program_Counter' of component 'MUX_2_way_4_bit' [L:/Documents/Xilinx/to submit/Improved Nanoprocessor/FinalNanoprocessor - Iterative Add/Nanoprocessor2.srcs/sources_1/new/Nanoprocessor2.vhd:279]
INFO: [Synth 8-3491] module 'PROM' declared at 'L:/Documents/Xilinx/to submit/Improved Nanoprocessor/FinalNanoprocessor - Iterative Add/needed components/PROM.vhd:36' bound to instance 'Sansalas_ROM' of component 'PROM' [L:/Documents/Xilinx/to submit/Improved Nanoprocessor/FinalNanoprocessor - Iterative Add/Nanoprocessor2.srcs/sources_1/new/Nanoprocessor2.vhd:285]
INFO: [Synth 8-638] synthesizing module 'PROM' [L:/Documents/Xilinx/to submit/Improved Nanoprocessor/FinalNanoprocessor - Iterative Add/needed components/PROM.vhd:41]
INFO: [Synth 8-256] done synthesizing module 'PROM' (20#1) [L:/Documents/Xilinx/to submit/Improved Nanoprocessor/FinalNanoprocessor - Iterative Add/needed components/PROM.vhd:41]
INFO: [Synth 8-3491] module 'LUT_16_7' declared at 'L:/Documents/Xilinx/to submit/Improved Nanoprocessor/FinalNanoprocessor - Iterative Add/needed components/LUT_16_7.vhd:26' bound to instance 'To_Display' of component 'LUT_16_7' [L:/Documents/Xilinx/to submit/Improved Nanoprocessor/FinalNanoprocessor - Iterative Add/Nanoprocessor2.srcs/sources_1/new/Nanoprocessor2.vhd:289]
INFO: [Synth 8-638] synthesizing module 'LUT_16_7' [L:/Documents/Xilinx/to submit/Improved Nanoprocessor/FinalNanoprocessor - Iterative Add/needed components/LUT_16_7.vhd:31]
INFO: [Synth 8-256] done synthesizing module 'LUT_16_7' (21#1) [L:/Documents/Xilinx/to submit/Improved Nanoprocessor/FinalNanoprocessor - Iterative Add/needed components/LUT_16_7.vhd:31]
INFO: [Synth 8-3491] module 'Comparator' declared at 'L:/Documents/Xilinx/to submit/Improved Nanoprocessor/FinalNanoprocessor - Iterative Add/needed components/Comparator.vhd:18' bound to instance 'Lords_Comparator' of component 'Comparator' [L:/Documents/Xilinx/to submit/Improved Nanoprocessor/FinalNanoprocessor - Iterative Add/Nanoprocessor2.srcs/sources_1/new/Nanoprocessor2.vhd:294]
INFO: [Synth 8-638] synthesizing module 'Comparator' [L:/Documents/Xilinx/to submit/Improved Nanoprocessor/FinalNanoprocessor - Iterative Add/needed components/Comparator.vhd:27]
INFO: [Synth 8-3491] module 'Comparator_Latch' declared at 'L:/Documents/Xilinx/to submit/Improved Nanoprocessor/FinalNanoprocessor - Iterative Add/needed components/Comparator_Latch.vhd:18' bound to instance 'Comparator_Latch_3' of component 'Comparator_Latch' [L:/Documents/Xilinx/to submit/Improved Nanoprocessor/FinalNanoprocessor - Iterative Add/needed components/Comparator.vhd:44]
INFO: [Synth 8-638] synthesizing module 'Comparator_Latch' [L:/Documents/Xilinx/to submit/Improved Nanoprocessor/FinalNanoprocessor - Iterative Add/needed components/Comparator_Latch.vhd:29]
INFO: [Synth 8-256] done synthesizing module 'Comparator_Latch' (22#1) [L:/Documents/Xilinx/to submit/Improved Nanoprocessor/FinalNanoprocessor - Iterative Add/needed components/Comparator_Latch.vhd:29]
INFO: [Synth 8-3491] module 'Comparator_Latch' declared at 'L:/Documents/Xilinx/to submit/Improved Nanoprocessor/FinalNanoprocessor - Iterative Add/needed components/Comparator_Latch.vhd:18' bound to instance 'Comparator_Latch_2' of component 'Comparator_Latch' [L:/Documents/Xilinx/to submit/Improved Nanoprocessor/FinalNanoprocessor - Iterative Add/needed components/Comparator.vhd:55]
INFO: [Synth 8-3491] module 'Comparator_Latch' declared at 'L:/Documents/Xilinx/to submit/Improved Nanoprocessor/FinalNanoprocessor - Iterative Add/needed components/Comparator_Latch.vhd:18' bound to instance 'Comparator_Latch_1' of component 'Comparator_Latch' [L:/Documents/Xilinx/to submit/Improved Nanoprocessor/FinalNanoprocessor - Iterative Add/needed components/Comparator.vhd:66]
INFO: [Synth 8-256] done synthesizing module 'Comparator' (23#1) [L:/Documents/Xilinx/to submit/Improved Nanoprocessor/FinalNanoprocessor - Iterative Add/needed components/Comparator.vhd:27]
INFO: [Synth 8-256] done synthesizing module 'Nanoprocessor2' (24#1) [L:/Documents/Xilinx/to submit/Improved Nanoprocessor/FinalNanoprocessor - Iterative Add/Nanoprocessor2.srcs/sources_1/new/Nanoprocessor2.vhd:50]
WARNING: [Synth 8-3917] design Nanoprocessor2 has port an[3] driven by constant 1
WARNING: [Synth 8-3917] design Nanoprocessor2 has port an[2] driven by constant 1
WARNING: [Synth 8-3917] design Nanoprocessor2 has port an[1] driven by constant 1
WARNING: [Synth 8-3917] design Nanoprocessor2 has port an[0] driven by constant 0
---------------------------------------------------------------------------------
Finished RTL Elaboration : Time (s): cpu = 00:00:02 ; elapsed = 00:00:02 . Memory (MB): peak = 438.234 ; gain = 152.836
---------------------------------------------------------------------------------

Report Check Netlist: 
+------+------------------+-------+---------+-------+------------------+
|      |Item              |Errors |Warnings |Status |Description       |
+------+------------------+-------+---------+-------+------------------+
|1     |multi_driven_nets |      0|        0|Passed |Multi driven nets |
+------+------------------+-------+---------+-------+------------------+
---------------------------------------------------------------------------------
Start Handling Custom Attributes
---------------------------------------------------------------------------------
---------------------------------------------------------------------------------
Finished Handling Custom Attributes : Time (s): cpu = 00:00:02 ; elapsed = 00:00:02 . Memory (MB): peak = 438.234 ; gain = 152.836
---------------------------------------------------------------------------------
---------------------------------------------------------------------------------
Finished RTL Optimization Phase 1 : Time (s): cpu = 00:00:02 ; elapsed = 00:00:02 . Memory (MB): peak = 438.234 ; gain = 152.836
---------------------------------------------------------------------------------
INFO: [Device 21-403] Loading part xc7a35tcpg236-1
INFO: [Project 1-570] Preparing netlist for logic optimization

Processing XDC Constraints
Initializing timing engine
Parsing XDC File [L:/Documents/Xilinx/to submit/Improved Nanoprocessor/Basys3Labs.xdc]
WARNING: [Vivado 12-584] No ports matched 'dp'. [L:/Documents/Xilinx/to submit/Improved Nanoprocessor/Basys3Labs.xdc:54]
CRITICAL WARNING: [Common 17-55] 'set_property' expects at least one object. [L:/Documents/Xilinx/to submit/Improved Nanoprocessor/Basys3Labs.xdc:54]
Resolution: If [get_<value>] was used to populate the object, check to make sure this command returns at least one valid object.
WARNING: [Vivado 12-584] No ports matched 'dp'. [L:/Documents/Xilinx/to submit/Improved Nanoprocessor/Basys3Labs.xdc:55]
CRITICAL WARNING: [Common 17-55] 'set_property' expects at least one object. [L:/Documents/Xilinx/to submit/Improved Nanoprocessor/Basys3Labs.xdc:55]
Resolution: If [get_<value>] was used to populate the object, check to make sure this command returns at least one valid object.
Finished Parsing XDC File [L:/Documents/Xilinx/to submit/Improved Nanoprocessor/Basys3Labs.xdc]
INFO: [Project 1-236] Implementation specific constraints were found while reading constraint file [L:/Documents/Xilinx/to submit/Improved Nanoprocessor/Basys3Labs.xdc]. These constraints will be ignored for synthesis but will be used in implementation. Impacted constraints are listed in the file [.Xil/Nanoprocessor2_propImpl.xdc].
Resolution: To avoid this warning, move constraints listed in [.Xil/Nanoprocessor2_propImpl.xdc] to another XDC file and exclude this new file from synthesis with the used_in_synthesis property (File Properties dialog in GUI) and re-run elaboration/synthesis.
Completed Processing XDC Constraints

INFO: [Project 1-111] Unisim Transformation Summary:
No Unisim elements were transformed.

Constraint Validation Runtime : Time (s): cpu = 00:00:00 ; elapsed = 00:00:00.004 . Memory (MB): peak = 771.766 ; gain = 0.000
---------------------------------------------------------------------------------
Finished Constraint Validation : Time (s): cpu = 00:00:07 ; elapsed = 00:00:10 . Memory (MB): peak = 771.766 ; gain = 486.367
---------------------------------------------------------------------------------
---------------------------------------------------------------------------------
Start Loading Part and Timing Information
---------------------------------------------------------------------------------
Loading part: xc7a35tcpg236-1
---------------------------------------------------------------------------------
Finished Loading Part and Timing Information : Time (s): cpu = 00:00:07 ; elapsed = 00:00:10 . Memory (MB): peak = 771.766 ; gain = 486.367
---------------------------------------------------------------------------------
---------------------------------------------------------------------------------
Start Applying 'set_property' XDC Constraints
---------------------------------------------------------------------------------
---------------------------------------------------------------------------------
Finished applying 'set_property' XDC Constraints : Time (s): cpu = 00:00:07 ; elapsed = 00:00:10 . Memory (MB): peak = 771.766 ; gain = 486.367
---------------------------------------------------------------------------------
INFO: [Synth 8-5545] ROM "count" won't be mapped to RAM because address size (32) is larger than maximum supported(25)
INFO: [Synth 8-5545] ROM "Clk_status" won't be mapped to RAM because address size (32) is larger than maximum supported(25)
INFO: [Synth 8-5544] ROM "Program_ROM" won't be mapped to Block RAM because address size (4) smaller than threshold (5)
INFO: [Synth 8-5544] ROM "sevenSegment_ROM" won't be mapped to Block RAM because address size (4) smaller than threshold (5)
---------------------------------------------------------------------------------
Finished RTL Optimization Phase 2 : Time (s): cpu = 00:00:07 ; elapsed = 00:00:10 . Memory (MB): peak = 771.766 ; gain = 486.367
---------------------------------------------------------------------------------

Report RTL Partitions: 
+-+--------------+------------+----------+
| |RTL Partition |Replication |Instances |
+-+--------------+------------+----------+
+-+--------------+------------+----------+
---------------------------------------------------------------------------------
Start RTL Component Statistics 
---------------------------------------------------------------------------------
Detailed RTL Component Info : 
+---Adders : 
	   2 Input     32 Bit       Adders := 1     
+---XORs : 
	   2 Input      1 Bit         XORs := 24    
+---Registers : 
	               32 Bit    Registers := 1     
	                4 Bit    Registers := 8     
	                1 Bit    Registers := 10    
+---Muxes : 
	   2 Input     32 Bit        Muxes := 1     
	  17 Input     14 Bit        Muxes := 1     
	  17 Input      7 Bit        Muxes := 1     
	   2 Input      1 Bit        Muxes := 1     
---------------------------------------------------------------------------------
Finished RTL Component Statistics 
---------------------------------------------------------------------------------
---------------------------------------------------------------------------------
Start RTL Hierarchical Component Statistics 
---------------------------------------------------------------------------------
Hierarchical RTL Component report 
Module CLOCK 
Detailed RTL Component Info : 
+---Adders : 
	   2 Input     32 Bit       Adders := 1     
+---Registers : 
	               32 Bit    Registers := 1     
	                1 Bit    Registers := 2     
+---Muxes : 
	   2 Input     32 Bit        Muxes := 1     
	   2 Input      1 Bit        Muxes := 1     
Module Bit14_Instruction_Decoder 
Detailed RTL Component Info : 
+---XORs : 
	   2 Input      1 Bit         XORs := 1     
Module Half_Adder 
Detailed RTL Component Info : 
+---XORs : 
	   2 Input      1 Bit         XORs := 1     
Module Carry_Look_Ahead_Adder_Subtractor 
Detailed RTL Component Info : 
+---XORs : 
	   2 Input      1 Bit         XORs := 5     
Module Register_4_bit 
Detailed RTL Component Info : 
+---Registers : 
	                4 Bit    Registers := 1     
Module D_FF 
Detailed RTL Component Info : 
+---Registers : 
	                1 Bit    Registers := 2     
Module HA 
Detailed RTL Component Info : 
+---XORs : 
	   2 Input      1 Bit         XORs := 1     
Module PROM 
Detailed RTL Component Info : 
+---Muxes : 
	  17 Input     14 Bit        Muxes := 1     
Module LUT_16_7 
Detailed RTL Component Info : 
+---Muxes : 
	  17 Input      7 Bit        Muxes := 1     
Module Comparator 
Detailed RTL Component Info : 
+---XORs : 
	   2 Input      1 Bit         XORs := 2     
---------------------------------------------------------------------------------
Finished RTL Hierarchical Component Statistics
---------------------------------------------------------------------------------
---------------------------------------------------------------------------------
Start Part Resource Summary
---------------------------------------------------------------------------------
Part Resources:
DSPs: 90 (col length:60)
BRAMs: 100 (col length: RAMB18 60 RAMB36 30)
---------------------------------------------------------------------------------
Finished Part Resource Summary
---------------------------------------------------------------------------------
---------------------------------------------------------------------------------
Start Cross Boundary and Area Optimization
---------------------------------------------------------------------------------
Warning: Parallel synthesis criteria is not met 
WARNING: [Synth 8-6014] Unused sequential element Shakthis_Program_Counter/D0/Qbar_reg was removed.  [L:/Documents/Xilinx/to submit/Improved Nanoprocessor/FinalNanoprocessor - Iterative Add/needed components/D_FF.vhd:41]
WARNING: [Synth 8-6014] Unused sequential element Shakthis_Program_Counter/D1/Qbar_reg was removed.  [L:/Documents/Xilinx/to submit/Improved Nanoprocessor/FinalNanoprocessor - Iterative Add/needed components/D_FF.vhd:41]
WARNING: [Synth 8-6014] Unused sequential element Shakthis_Program_Counter/D2/Qbar_reg was removed.  [L:/Documents/Xilinx/to submit/Improved Nanoprocessor/FinalNanoprocessor - Iterative Add/needed components/D_FF.vhd:41]
WARNING: [Synth 8-6014] Unused sequential element Shakthis_Program_Counter/D3/Qbar_reg was removed.  [L:/Documents/Xilinx/to submit/Improved Nanoprocessor/FinalNanoprocessor - Iterative Add/needed components/D_FF.vhd:41]
INFO: [Synth 8-5545] ROM "Slow_Clock/count" won't be mapped to RAM because address size (32) is larger than maximum supported(25)
INFO: [Synth 8-5545] ROM "Slow_Clock/Clk_status" won't be mapped to RAM because address size (32) is larger than maximum supported(25)
WARNING: [Synth 8-3917] design Nanoprocessor2 has port an[3] driven by constant 1
WARNING: [Synth 8-3917] design Nanoprocessor2 has port an[2] driven by constant 1
WARNING: [Synth 8-3917] design Nanoprocessor2 has port an[1] driven by constant 1
WARNING: [Synth 8-3917] design Nanoprocessor2 has port an[0] driven by constant 0
INFO: [Synth 8-3886] merging instance 'Madhawas_Register_Bank/Register_4_bit_0/R_out_reg[3]' (FD) to 'Madhawas_Register_Bank/Register_4_bit_0/R_out_reg[2]'
INFO: [Synth 8-3886] merging instance 'Madhawas_Register_Bank/Register_4_bit_2/R_out_reg[3]' (FD) to 'Madhawas_Register_Bank/Register_4_bit_2/R_out_reg[2]'
INFO: [Synth 8-3886] merging instance 'Madhawas_Register_Bank/Register_4_bit_1/R_out_reg[3]' (FD) to 'Madhawas_Register_Bank/Register_4_bit_0/R_out_reg[2]'
INFO: [Synth 8-3886] merging instance 'Madhawas_Register_Bank/Register_4_bit_0/R_out_reg[0]' (FD) to 'Madhawas_Register_Bank/Register_4_bit_0/R_out_reg[2]'
INFO: [Synth 8-3886] merging instance 'Madhawas_Register_Bank/Register_4_bit_2/R_out_reg[0]' (FD) to 'Madhawas_Register_Bank/Register_4_bit_2/R_out_reg[2]'
INFO: [Synth 8-3886] merging instance 'Madhawas_Register_Bank/Register_4_bit_1/R_out_reg[0]' (FD) to 'Madhawas_Register_Bank/Register_4_bit_2/R_out_reg[2]'
INFO: [Synth 8-3886] merging instance 'Madhawas_Register_Bank/Register_4_bit_0/R_out_reg[1]' (FD) to 'Madhawas_Register_Bank/Register_4_bit_0/R_out_reg[2]'
INFO: [Synth 8-3886] merging instance 'Madhawas_Register_Bank/Register_4_bit_2/R_out_reg[1]' (FD) to 'Madhawas_Register_Bank/Register_4_bit_2/R_out_reg[2]'
INFO: [Synth 8-3886] merging instance 'Madhawas_Register_Bank/Register_4_bit_1/R_out_reg[1]' (FD) to 'Madhawas_Register_Bank/Register_4_bit_0/R_out_reg[2]'
INFO: [Synth 8-3886] merging instance 'Madhawas_Register_Bank/Register_4_bit_0/R_out_reg[2]' (FD) to 'Madhawas_Register_Bank/Register_4_bit_1/R_out_reg[2]'
INFO: [Synth 8-3333] propagating constant 1 across sequential element (\Madhawas_Register_Bank/Register_4_bit_2/R_out_reg[2] )
INFO: [Synth 8-3333] propagating constant 0 across sequential element (\Madhawas_Register_Bank/Register_4_bit_1/R_out_reg[2] )
WARNING: [Synth 8-3332] Sequential element (Madhawas_Register_Bank/Register_4_bit_2/R_out_reg[2]) is unused and will be removed from module Nanoprocessor2.
WARNING: [Synth 8-3332] Sequential element (Madhawas_Register_Bank/Register_4_bit_1/R_out_reg[2]) is unused and will be removed from module Nanoprocessor2.
---------------------------------------------------------------------------------
Finished Cross Boundary and Area Optimization : Time (s): cpu = 00:00:08 ; elapsed = 00:00:11 . Memory (MB): peak = 771.766 ; gain = 486.367
---------------------------------------------------------------------------------

Report RTL Partitions: 
+-+--------------+------------+----------+
| |RTL Partition |Replication |Instances |
+-+--------------+------------+----------+
+-+--------------+------------+----------+
---------------------------------------------------------------------------------
Start Applying XDC Timing Constraints
---------------------------------------------------------------------------------
---------------------------------------------------------------------------------
Finished Applying XDC Timing Constraints : Time (s): cpu = 00:00:12 ; elapsed = 00:00:18 . Memory (MB): peak = 771.766 ; gain = 486.367
---------------------------------------------------------------------------------
---------------------------------------------------------------------------------
Start Timing Optimization
---------------------------------------------------------------------------------
---------------------------------------------------------------------------------
Finished Timing Optimization : Time (s): cpu = 00:00:12 ; elapsed = 00:00:18 . Memory (MB): peak = 786.398 ; gain = 501.000
---------------------------------------------------------------------------------

Report RTL Partitions: 
+-+--------------+------------+----------+
| |RTL Partition |Replication |Instances |
+-+--------------+------------+----------+
+-+--------------+------------+----------+
---------------------------------------------------------------------------------
Start Technology Mapping
---------------------------------------------------------------------------------
WARNING: [Synth 8-3332] Sequential element (Madhawas_Register_Bank/Register_4_bit_4/R_out_reg[3]) is unused and will be removed from module Nanoprocessor2.
WARNING: [Synth 8-3332] Sequential element (Madhawas_Register_Bank/Register_4_bit_4/R_out_reg[2]) is unused and will be removed from module Nanoprocessor2.
WARNING: [Synth 8-3332] Sequential element (Madhawas_Register_Bank/Register_4_bit_4/R_out_reg[1]) is unused and will be removed from module Nanoprocessor2.
WARNING: [Synth 8-3332] Sequential element (Madhawas_Register_Bank/Register_4_bit_4/R_out_reg[0]) is unused and will be removed from module Nanoprocessor2.
WARNING: [Synth 8-3332] Sequential element (Madhawas_Register_Bank/Register_4_bit_5/R_out_reg[3]) is unused and will be removed from module Nanoprocessor2.
WARNING: [Synth 8-3332] Sequential element (Madhawas_Register_Bank/Register_4_bit_5/R_out_reg[2]) is unused and will be removed from module Nanoprocessor2.
WARNING: [Synth 8-3332] Sequential element (Madhawas_Register_Bank/Register_4_bit_5/R_out_reg[1]) is unused and will be removed from module Nanoprocessor2.
WARNING: [Synth 8-3332] Sequential element (Madhawas_Register_Bank/Register_4_bit_5/R_out_reg[0]) is unused and will be removed from module Nanoprocessor2.
---------------------------------------------------------------------------------
Finished Technology Mapping : Time (s): cpu = 00:00:12 ; elapsed = 00:00:18 . Memory (MB): peak = 795.391 ; gain = 509.992
---------------------------------------------------------------------------------

Report RTL Partitions: 
+-+--------------+------------+----------+
| |RTL Partition |Replication |Instances |
+-+--------------+------------+----------+
+-+--------------+------------+----------+
---------------------------------------------------------------------------------
Start IO Insertion
---------------------------------------------------------------------------------
---------------------------------------------------------------------------------
Start Flattening Before IO Insertion
---------------------------------------------------------------------------------
---------------------------------------------------------------------------------
Finished Flattening Before IO Insertion
---------------------------------------------------------------------------------
---------------------------------------------------------------------------------
Start Final Netlist Cleanup
---------------------------------------------------------------------------------
---------------------------------------------------------------------------------
Finished Final Netlist Cleanup
---------------------------------------------------------------------------------
---------------------------------------------------------------------------------
Finished IO Insertion : Time (s): cpu = 00:00:13 ; elapsed = 00:00:19 . Memory (MB): peak = 795.391 ; gain = 509.992
---------------------------------------------------------------------------------

Report Check Netlist: 
+------+------------------+-------+---------+-------+------------------+
|      |Item              |Errors |Warnings |Status |Description       |
+------+------------------+-------+---------+-------+------------------+
|1     |multi_driven_nets |      0|        0|Passed |Multi driven nets |
+------+------------------+-------+---------+-------+------------------+
---------------------------------------------------------------------------------
Start Renaming Generated Instances
---------------------------------------------------------------------------------
---------------------------------------------------------------------------------
Finished Renaming Generated Instances : Time (s): cpu = 00:00:13 ; elapsed = 00:00:19 . Memory (MB): peak = 795.391 ; gain = 509.992
---------------------------------------------------------------------------------

Report RTL Partitions: 
+-+--------------+------------+----------+
| |RTL Partition |Replication |Instances |
+-+--------------+------------+----------+
+-+--------------+------------+----------+
---------------------------------------------------------------------------------
Start Rebuilding User Hierarchy
---------------------------------------------------------------------------------
---------------------------------------------------------------------------------
Finished Rebuilding User Hierarchy : Time (s): cpu = 00:00:13 ; elapsed = 00:00:19 . Memory (MB): peak = 795.391 ; gain = 509.992
---------------------------------------------------------------------------------
---------------------------------------------------------------------------------
Start Renaming Generated Ports
---------------------------------------------------------------------------------
---------------------------------------------------------------------------------
Finished Renaming Generated Ports : Time (s): cpu = 00:00:13 ; elapsed = 00:00:19 . Memory (MB): peak = 795.391 ; gain = 509.992
---------------------------------------------------------------------------------
---------------------------------------------------------------------------------
Start Handling Custom Attributes
---------------------------------------------------------------------------------
---------------------------------------------------------------------------------
Finished Handling Custom Attributes : Time (s): cpu = 00:00:13 ; elapsed = 00:00:19 . Memory (MB): peak = 795.391 ; gain = 509.992
---------------------------------------------------------------------------------
---------------------------------------------------------------------------------
Start Renaming Generated Nets
---------------------------------------------------------------------------------
---------------------------------------------------------------------------------
Finished Renaming Generated Nets : Time (s): cpu = 00:00:13 ; elapsed = 00:00:19 . Memory (MB): peak = 795.391 ; gain = 509.992
---------------------------------------------------------------------------------
---------------------------------------------------------------------------------
Start Writing Synthesis Report
---------------------------------------------------------------------------------

Report BlackBoxes: 
+-+--------------+----------+
| |BlackBox name |Instances |
+-+--------------+----------+
+-+--------------+----------+

Report Cell Usage: 
+------+-------+------+
|      |Cell   |Count |
+------+-------+------+
|1     |BUFG   |     1|
|2     |CARRY4 |     8|
|3     |LUT2   |     3|
|4     |LUT3   |     4|
|5     |LUT4   |    25|
|6     |LUT5   |    27|
|7     |LUT6   |    12|
|8     |FDRE   |    50|
|9     |IBUF   |     2|
|10    |OBUF   |    21|
+------+-------+------+

Report Instance Areas: 
+------+---------------------------+-----------------+------+
|      |Instance                   |Module           |Cells |
+------+---------------------------+-----------------+------+
|1     |top                        |                 |   153|
|2     |  Madhawas_Register_Bank   |RegisterBank     |    19|
|3     |    Register_4_bit_3       |Register_4_bit   |     4|
|4     |    Register_4_bit_6       |Register_4_bit_3 |     4|
|5     |    Register_4_bit_7       |Register_4_bit_4 |    11|
|6     |  Shakthis_Program_Counter |ProgramCounter   |    56|
|7     |    D0                     |D_FF             |    12|
|8     |    D1                     |D_FF_0           |     3|
|9     |    D2                     |D_FF_1           |     1|
|10    |    D3                     |D_FF_2           |    40|
|11    |  Slow_Clock               |CLOCK            |    54|
+------+---------------------------+-----------------+------+
---------------------------------------------------------------------------------
Finished Writing Synthesis Report : Time (s): cpu = 00:00:13 ; elapsed = 00:00:19 . Memory (MB): peak = 795.391 ; gain = 509.992
---------------------------------------------------------------------------------
Synthesis finished with 0 errors, 0 critical warnings and 18 warnings.
Synthesis Optimization Runtime : Time (s): cpu = 00:00:08 ; elapsed = 00:00:13 . Memory (MB): peak = 795.391 ; gain = 176.461
Synthesis Optimization Complete : Time (s): cpu = 00:00:13 ; elapsed = 00:00:19 . Memory (MB): peak = 795.391 ; gain = 509.992
INFO: [Project 1-571] Translating synthesized netlist
INFO: [Netlist 29-17] Analyzing 10 Unisim elements for replacement
INFO: [Netlist 29-28] Unisim Transformation completed in 0 CPU seconds
INFO: [Project 1-570] Preparing netlist for logic optimization
INFO: [Opt 31-138] Pushed 0 inverter(s) to 0 load pin(s).
INFO: [Project 1-111] Unisim Transformation Summary:
No Unisim elements were transformed.

INFO: [Common 17-83] Releasing license: Synthesis
128 Infos, 24 Warnings, 2 Critical Warnings and 0 Errors encountered.
synth_design completed successfully
synth_design: Time (s): cpu = 00:00:13 ; elapsed = 00:00:21 . Memory (MB): peak = 795.391 ; gain = 522.418
WARNING: [Constraints 18-5210] No constraint will be written out.
INFO: [Common 17-1381] The checkpoint 'L:/Documents/Xilinx/to submit/Improved Nanoprocessor/FinalNanoprocessor - Iterative Add/Nanoprocessor2.runs/synth_1/Nanoprocessor2.dcp' has been generated.
INFO: [runtcl-4] Executing : report_utilization -file Nanoprocessor2_utilization_synth.rpt -pb Nanoprocessor2_utilization_synth.pb
report_utilization: Time (s): cpu = 00:00:00 ; elapsed = 00:00:00.017 . Memory (MB): peak = 795.391 ; gain = 0.000
INFO: [Common 17-206] Exiting Vivado at Sun May  5 23:46:05 2024...
