#-----------------------------------------------------------
# Vivado v2018.2.1 (64-bit)
# SW Build 2288692 on Thu Jul 26 18:24:02 MDT 2018
# IP Build 2289599 on Thu Jul 26 21:09:20 MDT 2018
# Start of session at: Sun May  5 21:08:31 2024
# Process ID: 3036
# Current directory: C:/Users/USER/Documents/vivado/3BItAdder/3BitAdder
# Command line: vivado.exe -gui_launcher_event rodinguilauncherevent29192 C:\Users\USER\Documents\vivado\3BItAdder\3BitAdder\3BitAdder.xpr
# Log file: C:/Users/USER/Documents/vivado/3BItAdder/3BitAdder/vivado.log
# Journal file: C:/Users/USER/Documents/vivado/3BItAdder/3BitAdder\vivado.jou
#-----------------------------------------------------------
start_gui
open_project C:/Users/USER/Documents/vivado/3BItAdder/3BitAdder/3BitAdder.xpr
INFO: [Project 1-313] Project file moved from 'C:/Users/ACER/Desktop/3BItADder/3BitAdder' since last save.
CRITICAL WARNING: [Project 1-311] Could not find the file 'C:/Users/USER/Documents/vivado/Computer org/Lab/Lab3/Lab3.srcs/sources_1/new/FA.vhd', nor could it be found using path 'C:/Users/ACER/Desktop/Computer org/Lab/Lab3/Lab3.srcs/sources_1/new/FA.vhd'.
CRITICAL WARNING: [Project 1-311] Could not find the file 'C:/Users/USER/Documents/vivado/Computer org/Lab/Lab3/Lab3.srcs/sources_1/new/HA.vhd', nor could it be found using path 'C:/Users/ACER/Desktop/Computer org/Lab/Lab3/Lab3.srcs/sources_1/new/HA.vhd'.
CRITICAL WARNING: [Project 1-311] Could not find the file 'C:/Users/USER/Documents/vivado/Computer org/Lab/Lab3/Lab3.srcs/sources_1/new/RCA_4.vhd', nor could it be found using path 'C:/Users/ACER/Desktop/Computer org/Lab/Lab3/Lab3.srcs/sources_1/new/RCA_4.vhd'.
Scanning sources...
Finished scanning sources
INFO: [Project 1-230] Project '3BitAdder.xpr' upgraded for this version of Vivado.
INFO: [IP_Flow 19-234] Refreshing IP repositories
INFO: [IP_Flow 19-1704] No user IP repositories specified
INFO: [IP_Flow 19-2313] Loaded Vivado IP repository 'D:/Softwares/xilinx/Vivado/2018.2/data/ip'.
update_compile_order -fileset sources_1
add_files -norecurse {C:/Users/USER/Documents/vivado/3BItAdder/3BitAdder/FA.vhd C:/Users/USER/Documents/vivado/3BItAdder/3BitAdder/HA.vhd}
update_compile_order -fileset sources_1
export_ip_user_files -of_objects  [get_files {{C:/Users/USER/Documents/vivado/Computer org/Lab/Lab3/Lab3.srcs/sources_1/new/FA.vhd}}] -no_script -reset -force -quiet
export_ip_user_files -of_objects  [get_files {{C:/Users/USER/Documents/vivado/Computer org/Lab/Lab3/Lab3.srcs/sources_1/new/HA.vhd}}] -no_script -reset -force -quiet
export_ip_user_files -of_objects  [get_files {{C:/Users/USER/Documents/vivado/Computer org/Lab/Lab3/Lab3.srcs/sources_1/new/RCA_4.vhd}}] -no_script -reset -force -quiet
remove_files  {{C:/Users/USER/Documents/vivado/Computer org/Lab/Lab3/Lab3.srcs/sources_1/new/FA.vhd} {C:/Users/USER/Documents/vivado/Computer org/Lab/Lab3/Lab3.srcs/sources_1/new/HA.vhd} {C:/Users/USER/Documents/vivado/Computer org/Lab/Lab3/Lab3.srcs/sources_1/new/RCA_4.vhd}}
launch_simulation
INFO: [Vivado 12-5682] Launching behavioral simulation in 'C:/Users/USER/Documents/vivado/3BItAdder/3BitAdder/3BitAdder.sim/sim_1/behav/xsim'
INFO: [SIM-utils-51] Simulation object is 'sim_1'
INFO: [SIM-utils-54] Inspecting design source files for 'RCA_3Sim' in fileset 'sim_1'...
INFO: [USF-XSim-97] Finding global include files...
INFO: [USF-XSim-98] Fetching design files from 'sim_1'...
INFO: [USF-XSim-2] XSim::Compile design
INFO: [USF-XSim-61] Executing 'COMPILE and ANALYZE' step in 'C:/Users/USER/Documents/vivado/3BItAdder/3BitAdder/3BitAdder.sim/sim_1/behav/xsim'
"xvhdl --incr --relax -prj RCA_3Sim_vhdl.prj"
INFO: [VRFC 10-163] Analyzing VHDL file "C:/Users/USER/Documents/vivado/3BItAdder/3BitAdder/3BitAdder.srcs/sources_1/new/3BitAdder.vhd" into library xil_defaultlib
INFO: [VRFC 10-307] analyzing entity RCA_3
INFO: [VRFC 10-163] Analyzing VHDL file "C:/Users/USER/Documents/vivado/3BItAdder/3BitAdder/FA.vhd" into library xil_defaultlib
INFO: [VRFC 10-307] analyzing entity FA
INFO: [VRFC 10-163] Analyzing VHDL file "C:/Users/USER/Documents/vivado/3BItAdder/3BitAdder/HA.vhd" into library xil_defaultlib
INFO: [VRFC 10-307] analyzing entity HA
INFO: [VRFC 10-163] Analyzing VHDL file "C:/Users/USER/Documents/vivado/3BItAdder/3BitAdder/3BitAdder.srcs/sim_1/new/3BitAdderSim.vhd" into library xil_defaultlib
INFO: [VRFC 10-307] analyzing entity RCA_3Sim
INFO: [USF-XSim-69] 'compile' step finished in '1' seconds
INFO: [USF-XSim-3] XSim::Elaborate design
INFO: [USF-XSim-61] Executing 'ELABORATE' step in 'C:/Users/USER/Documents/vivado/3BItAdder/3BitAdder/3BitAdder.sim/sim_1/behav/xsim'
Vivado Simulator 2018.2
Copyright 1986-1999, 2001-2018 Xilinx, Inc. All Rights Reserved.
Running: D:/Softwares/xilinx/Vivado/2018.2/bin/unwrapped/win64.o/xelab.exe -wto c23a2c7b903e4fb59d489a824b83a4cd --incr --debug typical --relax --mt 2 -L xil_defaultlib -L secureip --snapshot RCA_3Sim_behav xil_defaultlib.RCA_3Sim -log elaborate.log 
Using 2 slave threads.
Starting static elaboration
Completed static elaboration
Starting simulation data flow analysis
Completed simulation data flow analysis
Time Resolution for simulation is 1ps
Compiling package std.standard
Compiling package std.textio
Compiling package ieee.std_logic_1164
Compiling architecture behavioral of entity xil_defaultlib.HA [ha_default]
Compiling architecture behavioral of entity xil_defaultlib.FA [fa_default]
Compiling architecture behavioral of entity xil_defaultlib.RCA_3 [rca_3_default]
Compiling architecture behavioral of entity xil_defaultlib.rca_3sim
Built simulation snapshot RCA_3Sim_behav

****** Webtalk v2018.2.1 (64-bit)
  **** SW Build 2288692 on Thu Jul 26 18:24:02 MDT 2018
  **** IP Build 2289599 on Thu Jul 26 21:09:20 MDT 2018
    ** Copyright 1986-2018 Xilinx, Inc. All Rights Reserved.

source C:/Users/USER/Documents/vivado/3BItAdder/3BitAdder/3BitAdder.sim/sim_1/behav/xsim/xsim.dir/RCA_3Sim_behav/webtalk/xsim_webtalk.tcl -notrace
INFO: [Common 17-206] Exiting Webtalk at Sun May  5 21:11:29 2024...
INFO: [USF-XSim-69] 'elaborate' step finished in '5' seconds
INFO: [USF-XSim-4] XSim::Simulate design
INFO: [USF-XSim-61] Executing 'SIMULATE' step in 'C:/Users/USER/Documents/vivado/3BItAdder/3BitAdder/3BitAdder.sim/sim_1/behav/xsim'
INFO: [USF-XSim-98] *** Running xsim
   with args "RCA_3Sim_behav -key {Behavioral:sim_1:Functional:RCA_3Sim} -tclbatch {RCA_3Sim.tcl} -log {simulate.log}"
INFO: [USF-XSim-8] Loading simulator feature
Vivado Simulator 2018.2
Time resolution is 1 ps
source RCA_3Sim.tcl
# set curr_wave [current_wave_config]
# if { [string length $curr_wave] == 0 } {
#   if { [llength [get_objects]] > 0} {
#     add_wave /
#     set_property needs_save false [current_wave_config]
#   } else {
#      send_msg_id Add_Wave-1 WARNING "No top level signals found. Simulator will start without a wave window. If you want to open a wave window go to 'File->New Waveform Configuration' or type 'create_wave_config' in the TCL console."
#   }
# }
# run 1000ns
INFO: [USF-XSim-96] XSim completed. Design snapshot 'RCA_3Sim_behav' loaded.
INFO: [USF-XSim-97] XSim simulation ran for 1000ns
launch_simulation: Time (s): cpu = 00:00:03 ; elapsed = 00:00:09 . Memory (MB): peak = 895.691 ; gain = 22.746
close_sim
INFO: [Simtcl 6-16] Simulation closed
exit
INFO: [Common 17-206] Exiting Vivado at Sun May  5 21:12:20 2024...
