Copyright 1986-2018 Xilinx, Inc. All Rights Reserved.
-------------------------------------------------------------------------------------------
| Tool Version : Vivado v.2018.2.1 (win64) Build 2288692 Thu Jul 26 18:24:02 MDT 2018
| Date         : Sun May  5 23:46:46 2024
| Host         : L0rd running 64-bit major release  (build 9200)
| Command      : report_control_sets -verbose -file Nanoprocessor2_control_sets_placed.rpt
| Design       : Nanoprocessor2
| Device       : xc7a35t
-------------------------------------------------------------------------------------------

Control Set Information

Table of Contents
-----------------
1. Summary
2. Histogram
3. Flip-Flop Distribution
4. Detailed Control Set Information

1. Summary
----------

+----------------------------------------------------------+-------+
|                          Status                          | Count |
+----------------------------------------------------------+-------+
| Number of unique control sets                            |     6 |
| Unused register locations in slices containing registers |     4 |
+----------------------------------------------------------+-------+


2. Histogram
------------

+--------+--------------+
| Fanout | Control Sets |
+--------+--------------+
|      6 |            1 |
|      8 |            3 |
|    16+ |            2 |
+--------+--------------+


3. Flip-Flop Distribution
-------------------------

+--------------+-----------------------+------------------------+-----------------+--------------+
| Clock Enable | Synchronous Set/Reset | Asynchronous Set/Reset | Total Registers | Total Slices |
+--------------+-----------------------+------------------------+-----------------+--------------+
| No           | No                    | No                     |               6 |            2 |
| No           | No                    | Yes                    |               0 |            0 |
| No           | Yes                   | No                     |              70 |            9 |
| Yes          | No                    | No                     |              32 |            8 |
| Yes          | No                    | Yes                    |               0 |            0 |
| Yes          | Yes                   | No                     |               0 |            0 |
+--------------+-----------------------+------------------------+-----------------+--------------+


4. Detailed Control Set Information
-----------------------------------

+-------------------+------------------------------------------+------------------------------+------------------+----------------+
|    Clock Signal   |               Enable Signal              |       Set/Reset Signal       | Slice Load Count | Bel Load Count |
+-------------------+------------------------------------------+------------------------------+------------------+----------------+
|  Clk_IBUF_BUFG    |                                          |                              |                2 |              6 |
|  Slow_Clock/Q_reg |                                          | Reset_IBUF                   |                1 |              8 |
|  Slow_Clock/Q_reg | Shakthis_Program_Counter/D3/R_out_reg[3] |                              |                2 |              8 |
|  Slow_Clock/Q_reg | Shakthis_Program_Counter/D3/tempEN[0]    |                              |                3 |              8 |
|  Slow_Clock/Q_reg | Shakthis_Program_Counter/D3/tempEN[1]    |                              |                3 |             16 |
|  Clk_IBUF_BUFG    |                                          | Slow_Clock/count[31]_i_1_n_0 |                8 |             62 |
+-------------------+------------------------------------------+------------------------------+------------------+----------------+


