#-----------------------------------------------------------
# Vivado v2018.2.1 (64-bit)
# SW Build 2288692 on Thu Jul 26 18:24:02 MDT 2018
# IP Build 2289599 on Thu Jul 26 21:09:20 MDT 2018
# Start of session at: Sun May  5 20:09:03 2024
# Process ID: 20688
# Current directory: C:/Users/USER/Documents/vivado projects/Multiplexers/MUX 8 to 1
# Command line: vivado.exe -gui_launcher_event rodinguilauncherevent10960 C:\Users\USER\Documents\vivado projects\Multiplexers\MUX 8 to 1\MUX 8 to 1.xpr
# Log file: C:/Users/USER/Documents/vivado projects/Multiplexers/MUX 8 to 1/vivado.log
# Journal file: C:/Users/USER/Documents/vivado projects/Multiplexers/MUX 8 to 1\vivado.jou
#-----------------------------------------------------------
start_gui
open_project {C:/Users/USER/Documents/vivado projects/Multiplexers/MUX 8 to 1/MUX 8 to 1.xpr}
Scanning sources...
Finished scanning sources
INFO: [IP_Flow 19-234] Refreshing IP repositories
INFO: [IP_Flow 19-1704] No user IP repositories specified
INFO: [IP_Flow 19-2313] Loaded Vivado IP repository 'D:/Softwares/xilinx/Vivado/2018.2/data/ip'.
update_compile_order -fileset sources_1
exit
INFO: [Common 17-206] Exiting Vivado at Sun May  5 20:09:26 2024...
