#-----------------------------------------------------------
# Vivado v2018.2.1 (64-bit)
# SW Build 2288692 on Thu Jul 26 18:24:02 MDT 2018
# IP Build 2289599 on Thu Jul 26 21:09:20 MDT 2018
# Start of session at: Sun May  5 20:08:31 2024
# Process ID: 6004
# Current directory: C:/Users/USER/Documents/vivado projects/Multiplexers/Multiplexers
# Command line: vivado.exe -gui_launcher_event rodinguilauncherevent3396 C:\Users\USER\Documents\vivado projects\Multiplexers\Multiplexers\Multiplexers.xpr
# Log file: C:/Users/USER/Documents/vivado projects/Multiplexers/Multiplexers/vivado.log
# Journal file: C:/Users/USER/Documents/vivado projects/Multiplexers/Multiplexers\vivado.jou
#-----------------------------------------------------------
start_gui
open_project {C:/Users/USER/Documents/vivado projects/Multiplexers/Multiplexers/Multiplexers.xpr}
INFO: [Project 1-313] Project file moved from 'C:/Users/USER/Documents/vivado projects/Nano processor/Multiplexers' since last save.
Scanning sources...
Finished scanning sources
INFO: [IP_Flow 19-234] Refreshing IP repositories
INFO: [IP_Flow 19-1704] No user IP repositories specified
INFO: [IP_Flow 19-2313] Loaded Vivado IP repository 'D:/Softwares/xilinx/Vivado/2018.2/data/ip'.
update_compile_order -fileset sources_1
exit
INFO: [Common 17-206] Exiting Vivado at Sun May  5 20:08:59 2024...
