#-----------------------------------------------------------
# Vivado v2018.2.1 (64-bit)
# SW Build 2288692 on Thu Jul 26 18:24:02 MDT 2018
# IP Build 2289599 on Thu Jul 26 21:09:20 MDT 2018
# Start of session at: Fri May  3 05:02:33 2024
# Process ID: 22284
# Current directory: L:/Documents/Xilinx/Processor2/FinalNanoprocessor - Iterative Add
# Command line: vivado.exe -gui_launcher_event rodinguilauncherevent23264 L:\Documents\Xilinx\Processor2\FinalNanoprocessor - Iterative Add\Nanoprocessor2.xpr
# Log file: L:/Documents/Xilinx/Processor2/FinalNanoprocessor - Iterative Add/vivado.log
# Journal file: L:/Documents/Xilinx/Processor2/FinalNanoprocessor - Iterative Add\vivado.jou
#-----------------------------------------------------------
start_gui
open_project {L:/Documents/Xilinx/Processor2/FinalNanoprocessor - Iterative Add/Nanoprocessor2.xpr}
INFO: [Project 1-313] Project file moved from 'L:/Documents/Xilinx/Processor2/FinalNanoprocessor' since last save.
Scanning sources...
Finished scanning sources
INFO: [IP_Flow 19-234] Refreshing IP repositories
INFO: [IP_Flow 19-1704] No user IP repositories specified
INFO: [IP_Flow 19-2313] Loaded Vivado IP repository 'L:/Applications/Xilinx/Vivado/2018.2/data/ip'.
update_compile_order -fileset sources_1
reset_run synth_1
launch_runs synth_1 -jobs 8
[Fri May  3 05:03:28 2024] Launched synth_1...
Run output will be captured here: L:/Documents/Xilinx/Processor2/FinalNanoprocessor - Iterative Add/Nanoprocessor2.runs/synth_1/runme.log
launch_runs impl_1 -jobs 8
[Fri May  3 05:03:58 2024] Launched impl_1...
Run output will be captured here: L:/Documents/Xilinx/Processor2/FinalNanoprocessor - Iterative Add/Nanoprocessor2.runs/impl_1/runme.log
launch_runs impl_1 -to_step write_bitstream -jobs 8
[Fri May  3 05:04:52 2024] Launched impl_1...
Run output will be captured here: L:/Documents/Xilinx/Processor2/FinalNanoprocessor - Iterative Add/Nanoprocessor2.runs/impl_1/runme.log
reset_run impl_1 -prev_step 
reset_run synth_1
launch_runs synth_1 -jobs 8
[Fri May  3 05:09:24 2024] Launched synth_1...
Run output will be captured here: L:/Documents/Xilinx/Processor2/FinalNanoprocessor - Iterative Add/Nanoprocessor2.runs/synth_1/runme.log
launch_runs impl_1 -jobs 8
[Fri May  3 05:09:54 2024] Launched impl_1...
Run output will be captured here: L:/Documents/Xilinx/Processor2/FinalNanoprocessor - Iterative Add/Nanoprocessor2.runs/impl_1/runme.log
launch_runs impl_1 -to_step write_bitstream -jobs 8
[Fri May  3 05:10:45 2024] Launched impl_1...
Run output will be captured here: L:/Documents/Xilinx/Processor2/FinalNanoprocessor - Iterative Add/Nanoprocessor2.runs/impl_1/runme.log
open_hw
connect_hw_server
INFO: [Labtools 27-2285] Connecting to hw_server url TCP:localhost:3121
INFO: [Labtools 27-2222] Launching hw_server...
INFO: [Labtools 27-2221] Launch Output:

****** Xilinx hw_server v2018.2.1
  **** Build date : Jul 26 2018-19:38:10
    ** Copyright 1986-2018 Xilinx, Inc. All Rights Reserved.


open_hw_target
INFO: [Labtoolstcl 44-466] Opening hw_target localhost:3121/xilinx_tcf/Digilent/210183A8A8CBA
set_property PROGRAM.FILE {L:/Documents/Xilinx/Processor2/FinalNanoprocessor - Iterative Add/Nanoprocessor2.runs/impl_1/Nanoprocessor2.bit} [get_hw_devices xc7a35t_0]
current_hw_device [get_hw_devices xc7a35t_0]
refresh_hw_device -update_hw_probes false [lindex [get_hw_devices xc7a35t_0] 0]
INFO: [Labtools 27-1434] Device xc7a35t (JTAG device index = 0) is programmed with a design that has no supported debug core(s) in it.
WARNING: [Labtools 27-3361] The debug hub core was not detected.
Resolution: 
1. Make sure the clock connected to the debug hub (dbg_hub) core is a free running clock and is active.
2. Make sure the BSCAN_SWITCH_USER_MASK device property in Vivado Hardware Manager reflects the user scan chain setting in the design and refresh the device.  To determine the user scan chain setting in the design, open the implemented design and use 'get_property C_USER_SCAN_CHAIN [get_debug_cores dbg_hub]'.
For more details on setting the scan chain property, consult the Vivado Debug and Programming User Guide (UG908).
set_property PROBES.FILE {} [get_hw_devices xc7a35t_0]
set_property FULL_PROBES.FILE {} [get_hw_devices xc7a35t_0]
set_property PROGRAM.FILE {L:/Documents/Xilinx/Processor2/FinalNanoprocessor - Iterative Add/Nanoprocessor2.runs/impl_1/Nanoprocessor2.bit} [get_hw_devices xc7a35t_0]
program_hw_devices [get_hw_devices xc7a35t_0]
INFO: [Labtools 27-3164] End of startup status: HIGH
refresh_hw_device [lindex [get_hw_devices xc7a35t_0] 0]
INFO: [Labtools 27-1434] Device xc7a35t (JTAG device index = 0) is programmed with a design that has no supported debug core(s) in it.
WARNING: [Labtools 27-3361] The debug hub core was not detected.
Resolution: 
1. Make sure the clock connected to the debug hub (dbg_hub) core is a free running clock and is active.
2. Make sure the BSCAN_SWITCH_USER_MASK device property in Vivado Hardware Manager reflects the user scan chain setting in the design and refresh the device.  To determine the user scan chain setting in the design, open the implemented design and use 'get_property C_USER_SCAN_CHAIN [get_debug_cores dbg_hub]'.
For more details on setting the scan chain property, consult the Vivado Debug and Programming User Guide (UG908).
