#-----------------------------------------------------------
# Vivado v2018.2.1 (64-bit)
# SW Build 2288692 on Thu Jul 26 18:24:02 MDT 2018
# IP Build 2289599 on Thu Jul 26 21:09:20 MDT 2018
# Start of session at: Sun May  5 20:57:21 2024
# Process ID: 8616
# Current directory: C:/Users/USER/Documents/vivado/14_bit_instruction_decoder
# Command line: vivado.exe -gui_launcher_event rodinguilauncherevent1984 C:\Users\USER\Documents\vivado\14_bit_instruction_decoder\14_bit_instruction_decoder.xpr
# Log file: C:/Users/USER/Documents/vivado/14_bit_instruction_decoder/vivado.log
# Journal file: C:/Users/USER/Documents/vivado/14_bit_instruction_decoder\vivado.jou
#-----------------------------------------------------------
start_gui
open_project C:/Users/USER/Documents/vivado/14_bit_instruction_decoder/14_bit_instruction_decoder.xpr
INFO: [Project 1-313] Project file moved from 'C:/Users/Shakthi Weerawansa/Desktop/14_bit_instruction_decoder' since last save.
CRITICAL WARNING: [Project 1-311] Could not find the file 'C:/Users/USER/Documents/vivado/14_bit_instruction_decoder/MUX_2_way_3_bit.vhd', nor could it be found using path 'C:/Users/Shakthi Weerawansa/Desktop/14_bit_instruction_decoder/MUX_2_way_3_bit.vhd'.
Scanning sources...
Finished scanning sources
INFO: [IP_Flow 19-234] Refreshing IP repositories
INFO: [IP_Flow 19-1704] No user IP repositories specified
INFO: [IP_Flow 19-2313] Loaded Vivado IP repository 'D:/Softwares/xilinx/Vivado/2018.2/data/ip'.
update_compile_order -fileset sources_1
add_files -norecurse {{C:/Users/USER/Documents/vivado/14_bit_instruction_decoder/Instruction Decoder/MUX_2_way_3_bit.vhd}}
update_compile_order -fileset sources_1
export_ip_user_files -of_objects  [get_files C:/Users/USER/Documents/vivado/14_bit_instruction_decoder/MUX_2_way_3_bit.vhd] -no_script -reset -force -quiet
remove_files  C:/Users/USER/Documents/vivado/14_bit_instruction_decoder/MUX_2_way_3_bit.vhd
launch_simulation
INFO: [Vivado 12-5682] Launching behavioral simulation in 'C:/Users/USER/Documents/vivado/14_bit_instruction_decoder/14_bit_instruction_decoder.sim/sim_1/behav/xsim'
INFO: [SIM-utils-51] Simulation object is 'sim_1'
INFO: [SIM-utils-54] Inspecting design source files for 'TB_Ins_Dec' in fileset 'sim_1'...
INFO: [USF-XSim-97] Finding global include files...
INFO: [USF-XSim-98] Fetching design files from 'sim_1'...
INFO: [USF-XSim-2] XSim::Compile design
INFO: [USF-XSim-61] Executing 'COMPILE and ANALYZE' step in 'C:/Users/USER/Documents/vivado/14_bit_instruction_decoder/14_bit_instruction_decoder.sim/sim_1/behav/xsim'
"xvhdl --incr --relax -prj TB_Ins_Dec_vhdl.prj"
INFO: [VRFC 10-163] Analyzing VHDL file "C:/Users/USER/Documents/vivado/14_bit_instruction_decoder/14_bit_instruction_decoder.srcs/sources_1/new/14Bit_Instruction_Decoder.vhd" into library xil_defaultlib
INFO: [VRFC 10-307] analyzing entity Bit14_Instruction_Decoder
INFO: [VRFC 10-163] Analyzing VHDL file "C:/Users/USER/Documents/vivado/14_bit_instruction_decoder/Instruction Decoder/MUX_2_way_3_bit.vhd" into library xil_defaultlib
INFO: [VRFC 10-307] analyzing entity MUX_2_way_3_bit
INFO: [VRFC 10-163] Analyzing VHDL file "C:/Users/USER/Documents/vivado/14_bit_instruction_decoder/14_bit_instruction_decoder.srcs/sim_1/new/TB_Ins_Dec.vhd" into library xil_defaultlib
INFO: [VRFC 10-307] analyzing entity TB_Ins_Dec
INFO: [USF-XSim-69] 'compile' step finished in '1' seconds
INFO: [USF-XSim-3] XSim::Elaborate design
INFO: [USF-XSim-61] Executing 'ELABORATE' step in 'C:/Users/USER/Documents/vivado/14_bit_instruction_decoder/14_bit_instruction_decoder.sim/sim_1/behav/xsim'
Vivado Simulator 2018.2
Copyright 1986-1999, 2001-2018 Xilinx, Inc. All Rights Reserved.
Running: D:/Softwares/xilinx/Vivado/2018.2/bin/unwrapped/win64.o/xelab.exe -wto ba221a592f9f48cd90f67731505ef531 --incr --debug typical --relax --mt 2 -L xil_defaultlib -L secureip --snapshot TB_Ins_Dec_behav xil_defaultlib.TB_Ins_Dec -log elaborate.log 
Using 2 slave threads.
Starting static elaboration
Completed static elaboration
Starting simulation data flow analysis
Completed simulation data flow analysis
Time Resolution for simulation is 1ps
Compiling package std.standard
Compiling package std.textio
Compiling package ieee.std_logic_1164
Compiling architecture behavioral of entity xil_defaultlib.MUX_2_way_3_bit [mux_2_way_3_bit_default]
Compiling architecture behavioral of entity xil_defaultlib.Bit14_Instruction_Decoder [bit14_instruction_decoder_defaul...]
Compiling architecture behavioral of entity xil_defaultlib.tb_ins_dec
Built simulation snapshot TB_Ins_Dec_behav

****** Webtalk v2018.2.1 (64-bit)
  **** SW Build 2288692 on Thu Jul 26 18:24:02 MDT 2018
  **** IP Build 2289599 on Thu Jul 26 21:09:20 MDT 2018
    ** Copyright 1986-2018 Xilinx, Inc. All Rights Reserved.

source C:/Users/USER/Documents/vivado/14_bit_instruction_decoder/14_bit_instruction_decoder.sim/sim_1/behav/xsim/xsim.dir/TB_Ins_Dec_behav/webtalk/xsim_webtalk.tcl -notrace
INFO: [Common 17-206] Exiting Webtalk at Sun May  5 20:59:41 2024...
run_program: Time (s): cpu = 00:00:00 ; elapsed = 00:00:05 . Memory (MB): peak = 867.449 ; gain = 0.000
INFO: [USF-XSim-69] 'elaborate' step finished in '5' seconds
INFO: [USF-XSim-4] XSim::Simulate design
INFO: [USF-XSim-61] Executing 'SIMULATE' step in 'C:/Users/USER/Documents/vivado/14_bit_instruction_decoder/14_bit_instruction_decoder.sim/sim_1/behav/xsim'
INFO: [USF-XSim-98] *** Running xsim
   with args "TB_Ins_Dec_behav -key {Behavioral:sim_1:Functional:TB_Ins_Dec} -tclbatch {TB_Ins_Dec.tcl} -log {simulate.log}"
INFO: [USF-XSim-8] Loading simulator feature
Vivado Simulator 2018.2
Time resolution is 1 ps
source TB_Ins_Dec.tcl
# set curr_wave [current_wave_config]
# if { [string length $curr_wave] == 0 } {
#   if { [llength [get_objects]] > 0} {
#     add_wave /
#     set_property needs_save false [current_wave_config]
#   } else {
#      send_msg_id Add_Wave-1 WARNING "No top level signals found. Simulator will start without a wave window. If you want to open a wave window go to 'File->New Waveform Configuration' or type 'create_wave_config' in the TCL console."
#   }
# }
# run 1000ns
INFO: [USF-XSim-96] XSim completed. Design snapshot 'TB_Ins_Dec_behav' loaded.
INFO: [USF-XSim-97] XSim simulation ran for 1000ns
launch_simulation: Time (s): cpu = 00:00:03 ; elapsed = 00:00:11 . Memory (MB): peak = 874.641 ; gain = 7.340
close_sim
INFO: [Simtcl 6-16] Simulation closed
exit
INFO: [Common 17-206] Exiting Vivado at Sun May  5 21:02:15 2024...
