#-----------------------------------------------------------
# Vivado v2018.2.1 (64-bit)
# SW Build 2288692 on Thu Jul 26 18:24:02 MDT 2018
# IP Build 2289599 on Thu Jul 26 21:09:20 MDT 2018
# Start of session at: Sun May  5 21:02:20 2024
# Process ID: 20536
# Current directory: C:/Users/USER/Documents/vivado/microprocessor1
# Command line: vivado.exe -gui_launcher_event rodinguilauncherevent20028 C:\Users\USER\Documents\vivado\microprocessor1\microprocessor1.xpr
# Log file: C:/Users/USER/Documents/vivado/microprocessor1/vivado.log
# Journal file: C:/Users/USER/Documents/vivado/microprocessor1\vivado.jou
#-----------------------------------------------------------
start_gui
open_project C:/Users/USER/Documents/vivado/microprocessor1/microprocessor1.xpr
INFO: [Project 1-313] Project file moved from 'C:/Users/Shakthi Weerawansa/Desktop/microprocessor1' since last save.
CRITICAL WARNING: [Project 1-311] Could not find the file 'C:/Users/USER/Documents/vivado/Vivado Labs/Lab 4/Lab 4.srcs/sources_1/new/Decoder_2_to_4.vhd', nor could it be found using path 'C:/Users/Shakthi Weerawansa/Desktop/Vivado Labs/Lab 4/Lab 4.srcs/sources_1/new/Decoder_2_to_4.vhd'.
Scanning sources...
Finished scanning sources
INFO: [IP_Flow 19-234] Refreshing IP repositories
INFO: [IP_Flow 19-1704] No user IP repositories specified
INFO: [IP_Flow 19-2313] Loaded Vivado IP repository 'D:/Softwares/xilinx/Vivado/2018.2/data/ip'.
update_compile_order -fileset sources_1
add_files -norecurse C:/Users/USER/Documents/vivado/microprocessor1/Decoder_2_to_4.vhd
update_compile_order -fileset sources_1
export_ip_user_files -of_objects  [get_files {{C:/Users/USER/Documents/vivado/Vivado Labs/Lab 4/Lab 4.srcs/sources_1/new/Decoder_2_to_4.vhd}}] -no_script -reset -force -quiet
remove_files  {{C:/Users/USER/Documents/vivado/Vivado Labs/Lab 4/Lab 4.srcs/sources_1/new/Decoder_2_to_4.vhd}}
launch_simulation
INFO: [Vivado 12-5682] Launching behavioral simulation in 'C:/Users/USER/Documents/vivado/microprocessor1/microprocessor1.sim/sim_1/behav/xsim'
INFO: [SIM-utils-51] Simulation object is 'sim_1'
INFO: [SIM-utils-54] Inspecting design source files for 'TB_Ins_Decoder' in fileset 'sim_1'...
INFO: [USF-XSim-97] Finding global include files...
INFO: [USF-XSim-98] Fetching design files from 'sim_1'...
INFO: [USF-XSim-2] XSim::Compile design
INFO: [USF-XSim-61] Executing 'COMPILE and ANALYZE' step in 'C:/Users/USER/Documents/vivado/microprocessor1/microprocessor1.sim/sim_1/behav/xsim'
"xvhdl --incr --relax -prj TB_Ins_Decoder_vhdl.prj"
INFO: [VRFC 10-163] Analyzing VHDL file "C:/Users/USER/Documents/vivado/microprocessor1/Decoder_2_to_4.vhd" into library xil_defaultlib
INFO: [VRFC 10-307] analyzing entity Decoder_2_to_4
INFO: [VRFC 10-163] Analyzing VHDL file "C:/Users/USER/Documents/vivado/microprocessor1/microprocessor1.srcs/sources_1/new/ins_decoder.vhd" into library xil_defaultlib
INFO: [VRFC 10-307] analyzing entity ins_decoder
INFO: [VRFC 10-163] Analyzing VHDL file "C:/Users/USER/Documents/vivado/microprocessor1/microprocessor1.srcs/sim_1/new/TB_Ins_Decoder.vhd" into library xil_defaultlib
INFO: [VRFC 10-307] analyzing entity TB_Ins_Decoder
INFO: [USF-XSim-69] 'compile' step finished in '2' seconds
INFO: [USF-XSim-3] XSim::Elaborate design
INFO: [USF-XSim-61] Executing 'ELABORATE' step in 'C:/Users/USER/Documents/vivado/microprocessor1/microprocessor1.sim/sim_1/behav/xsim'
Vivado Simulator 2018.2
Copyright 1986-1999, 2001-2018 Xilinx, Inc. All Rights Reserved.
Running: D:/Softwares/xilinx/Vivado/2018.2/bin/unwrapped/win64.o/xelab.exe -wto c797bada9bfa4b0aa212850d2e49ad0e --incr --debug typical --relax --mt 2 -L xil_defaultlib -L secureip --snapshot TB_Ins_Decoder_behav xil_defaultlib.TB_Ins_Decoder -log elaborate.log 
Using 2 slave threads.
Starting static elaboration
Completed static elaboration
Starting simulation data flow analysis
Completed simulation data flow analysis
Time Resolution for simulation is 1ps
Compiling package std.standard
Compiling package std.textio
Compiling package ieee.std_logic_1164
Compiling architecture behavioral of entity xil_defaultlib.Decoder_2_to_4 [decoder_2_to_4_default]
Compiling architecture behavioral of entity xil_defaultlib.ins_decoder [ins_decoder_default]
Compiling architecture behavioral of entity xil_defaultlib.tb_ins_decoder
Built simulation snapshot TB_Ins_Decoder_behav

****** Webtalk v2018.2.1 (64-bit)
  **** SW Build 2288692 on Thu Jul 26 18:24:02 MDT 2018
  **** IP Build 2289599 on Thu Jul 26 21:09:20 MDT 2018
    ** Copyright 1986-2018 Xilinx, Inc. All Rights Reserved.

source C:/Users/USER/Documents/vivado/microprocessor1/microprocessor1.sim/sim_1/behav/xsim/xsim.dir/TB_Ins_Decoder_behav/webtalk/xsim_webtalk.tcl -notrace
INFO: [Common 17-206] Exiting Webtalk at Sun May  5 21:04:35 2024...
INFO: [USF-XSim-69] 'elaborate' step finished in '5' seconds
INFO: [USF-XSim-4] XSim::Simulate design
INFO: [USF-XSim-61] Executing 'SIMULATE' step in 'C:/Users/USER/Documents/vivado/microprocessor1/microprocessor1.sim/sim_1/behav/xsim'
INFO: [USF-XSim-98] *** Running xsim
   with args "TB_Ins_Decoder_behav -key {Behavioral:sim_1:Functional:TB_Ins_Decoder} -tclbatch {TB_Ins_Decoder.tcl} -log {simulate.log}"
INFO: [USF-XSim-8] Loading simulator feature
Vivado Simulator 2018.2
Time resolution is 1 ps
source TB_Ins_Decoder.tcl
# set curr_wave [current_wave_config]
# if { [string length $curr_wave] == 0 } {
#   if { [llength [get_objects]] > 0} {
#     add_wave /
#     set_property needs_save false [current_wave_config]
#   } else {
#      send_msg_id Add_Wave-1 WARNING "No top level signals found. Simulator will start without a wave window. If you want to open a wave window go to 'File->New Waveform Configuration' or type 'create_wave_config' in the TCL console."
#   }
# }
# run 1000ns
INFO: [USF-XSim-96] XSim completed. Design snapshot 'TB_Ins_Decoder_behav' loaded.
INFO: [USF-XSim-97] XSim simulation ran for 1000ns
launch_simulation: Time (s): cpu = 00:00:03 ; elapsed = 00:00:11 . Memory (MB): peak = 895.242 ; gain = 21.523
close_sim
INFO: [Simtcl 6-16] Simulation closed
exit
INFO: [Common 17-206] Exiting Vivado at Sun May  5 21:04:51 2024...
