#-----------------------------------------------------------
# Vivado v2018.1 (64-bit)
# SW Build 2188600 on Wed Apr  4 18:40:38 MDT 2018
# IP Build 2185939 on Wed Apr  4 20:55:05 MDT 2018
# Start of session at: Sun May  5 21:04:38 2024
# Process ID: 12736
# Current directory: C:/Users/ACER/Desktop/4BitAdder/4BitAdder
# Command line: vivado.exe -gui_launcher_event rodinguilauncherevent15252 C:\Users\ACER\Desktop\4BitAdder\4BitAdder\4BitAdder.xpr
# Log file: C:/Users/ACER/Desktop/4BitAdder/4BitAdder/vivado.log
# Journal file: C:/Users/ACER/Desktop/4BitAdder/4BitAdder\vivado.jou
#-----------------------------------------------------------
start_gui
open_project C:/Users/ACER/Desktop/4BitAdder/4BitAdder/4BitAdder.xpr
Scanning sources...
Finished scanning sources
INFO: [IP_Flow 19-234] Refreshing IP repositories
INFO: [IP_Flow 19-1704] No user IP repositories specified
INFO: [IP_Flow 19-2313] Loaded Vivado IP repository 'C:/Xilinx/Vivado/2018.1/data/ip'.
update_compile_order -fileset sources_1
exit
INFO: [Common 17-206] Exiting Vivado at Sun May  5 21:05:25 2024...
