#-----------------------------------------------------------
# Vivado v2018.2.1 (64-bit)
# SW Build 2288692 on Thu Jul 26 18:24:02 MDT 2018
# IP Build 2289599 on Thu Jul 26 21:09:20 MDT 2018
# Start of session at: Mon Apr 22 18:44:14 2024
# Process ID: 28352
# Current directory: L:/Documents/Xilinx/Processor1/Nanoprocessor
# Command line: vivado.exe -gui_launcher_event rodinguilauncherevent20008 L:\Documents\Xilinx\Processor1\Nanoprocessor\Nanoprocessor1.xpr
# Log file: L:/Documents/Xilinx/Processor1/Nanoprocessor/vivado.log
# Journal file: L:/Documents/Xilinx/Processor1/Nanoprocessor\vivado.jou
#-----------------------------------------------------------
start_gui
open_project L:/Documents/Xilinx/Processor1/Nanoprocessor/Nanoprocessor1.xpr
INFO: [Project 1-313] Project file moved from 'C:/Users/Shakthi Weerawansa/Desktop/Nanoprocessor1' since last save.
CRITICAL WARNING: [Project 1-311] Could not find the file 'L:/Documents/Xilinx/Processor1/Vivado Labs/Lab 5 counter final/lab 5/lab 5.srcs/sources_1/new/D_FF.vhd', nor could it be found using path 'C:/Users/Shakthi Weerawansa/Desktop/Vivado Labs/Lab 5 counter final/lab 5/lab 5.srcs/sources_1/new/D_FF.vhd'.
CRITICAL WARNING: [Project 1-311] Could not find the file 'L:/Documents/Xilinx/Processor1/Vivado Labs/Lab 3/Lab 3.srcs/sources_1/new/FA.vhd', nor could it be found using path 'C:/Users/Shakthi Weerawansa/Desktop/Vivado Labs/Lab 3/Lab 3.srcs/sources_1/new/FA.vhd'.
CRITICAL WARNING: [Project 1-311] Could not find the file 'L:/Documents/Xilinx/Processor1/Vivado Labs/Lab 3/Lab 3.srcs/sources_1/new/HA.vhd', nor could it be found using path 'C:/Users/Shakthi Weerawansa/Desktop/Vivado Labs/Lab 3/Lab 3.srcs/sources_1/new/HA.vhd'.
CRITICAL WARNING: [Project 1-311] Could not find the file 'L:/Documents/Xilinx/Processor1/Lab 7/Lab 7.srcs/sources_1/new/LUT_16_7.vhd', nor could it be found using path 'C:/Users/Shakthi Weerawansa/Desktop/Lab 7/Lab 7.srcs/sources_1/new/LUT_16_7.vhd'.
CRITICAL WARNING: [Project 1-311] Could not find the file 'L:/Documents/Xilinx/Processor1/Nanoprocessor/from github/Add_Sub_4.vhd', nor could it be found using path 'C:/Users/Shakthi Weerawansa/Desktop/Nanoprocessor1/from github/Add_Sub_4.vhd'.
CRITICAL WARNING: [Project 1-311] Could not find the file 'L:/Documents/Xilinx/Processor1/Nanoprocessor/from github/Decoder_2_to_4.vhd', nor could it be found using path 'C:/Users/Shakthi Weerawansa/Desktop/Nanoprocessor1/from github/Decoder_2_to_4.vhd'.
CRITICAL WARNING: [Project 1-311] Could not find the file 'L:/Documents/Xilinx/Processor1/Nanoprocessor/from github/Decoder_3_to_8.vhd', nor could it be found using path 'C:/Users/Shakthi Weerawansa/Desktop/Nanoprocessor1/from github/Decoder_3_to_8.vhd'.
CRITICAL WARNING: [Project 1-311] Could not find the file 'L:/Documents/Xilinx/Processor1/Nanoprocessor/from github/MUX_2_way_3_bit.vhd', nor could it be found using path 'C:/Users/Shakthi Weerawansa/Desktop/Nanoprocessor1/from github/MUX_2_way_3_bit.vhd'.
CRITICAL WARNING: [Project 1-311] Could not find the file 'L:/Documents/Xilinx/Processor1/Nanoprocessor/from github/MUX_2_way_4_bit.vhd', nor could it be found using path 'C:/Users/Shakthi Weerawansa/Desktop/Nanoprocessor1/from github/MUX_2_way_4_bit.vhd'.
CRITICAL WARNING: [Project 1-311] Could not find the file 'L:/Documents/Xilinx/Processor1/Nanoprocessor/from github/MUX_8_to_1.vhd', nor could it be found using path 'C:/Users/Shakthi Weerawansa/Desktop/Nanoprocessor1/from github/MUX_8_to_1.vhd'.
CRITICAL WARNING: [Project 1-311] Could not find the file 'L:/Documents/Xilinx/Processor1/Nanoprocessor/from github/MUX_8_way_4_bit.vhd', nor could it be found using path 'C:/Users/Shakthi Weerawansa/Desktop/Nanoprocessor1/from github/MUX_8_way_4_bit.vhd'.
CRITICAL WARNING: [Project 1-311] Could not find the file 'L:/Documents/Xilinx/Processor1/Nanoprocessor/from github/PROM.vhd', nor could it be found using path 'C:/Users/Shakthi Weerawansa/Desktop/Nanoprocessor1/from github/PROM.vhd'.
CRITICAL WARNING: [Project 1-311] Could not find the file 'L:/Documents/Xilinx/Processor1/Nanoprocessor/from github/RCA_3.vhd', nor could it be found using path 'C:/Users/Shakthi Weerawansa/Desktop/Nanoprocessor1/from github/RCA_3.vhd'.
CRITICAL WARNING: [Project 1-311] Could not find the file 'L:/Documents/Xilinx/Processor1/Nanoprocessor/from github/RegisterBank.vhd', nor could it be found using path 'C:/Users/Shakthi Weerawansa/Desktop/Nanoprocessor1/from github/RegisterBank.vhd'.
CRITICAL WARNING: [Project 1-311] Could not find the file 'L:/Documents/Xilinx/Processor1/Nanoprocessor/from github/Register_4_bit.vhd', nor could it be found using path 'C:/Users/Shakthi Weerawansa/Desktop/Nanoprocessor1/from github/Register_4_bit.vhd'.
CRITICAL WARNING: [Project 1-311] Could not find the file 'L:/Documents/Xilinx/Processor1/Nanoprocessor/from github/ins_decoder.vhd', nor could it be found using path 'C:/Users/Shakthi Weerawansa/Desktop/Nanoprocessor1/from github/ins_decoder.vhd'.
Scanning sources...
Finished scanning sources
INFO: [IP_Flow 19-234] Refreshing IP repositories
INFO: [IP_Flow 19-1704] No user IP repositories specified
INFO: [IP_Flow 19-2313] Loaded Vivado IP repository 'L:/Applications/Xilinx/Vivado/2018.2/data/ip'.
update_compile_order -fileset sources_1
add_files {{L:/Documents/Xilinx/Processor1/Nanoprocessor/needed components/Decoder_2_to_4.vhd} {L:/Documents/Xilinx/Processor1/Nanoprocessor/needed components/PROM.vhd} {L:/Documents/Xilinx/Processor1/Nanoprocessor/needed components/HA.vhd} {L:/Documents/Xilinx/Processor1/Nanoprocessor/needed components/RCA_3.vhd} {L:/Documents/Xilinx/Processor1/Nanoprocessor/needed components/Decoder_3_to_8.vhd} {L:/Documents/Xilinx/Processor1/Nanoprocessor/needed components/D_FF.vhd} {L:/Documents/Xilinx/Processor1/Nanoprocessor/needed components/MUX_2_way_4_bit.vhd} {L:/Documents/Xilinx/Processor1/Nanoprocessor/needed components/ProgramCounter.vhd} {L:/Documents/Xilinx/Processor1/Nanoprocessor/needed components/MUX_8_way_4_bit.vhd} {L:/Documents/Xilinx/Processor1/Nanoprocessor/needed components/MUX_8_to_1.vhd} {L:/Documents/Xilinx/Processor1/Nanoprocessor/needed components/ins_decoder.vhd} {L:/Documents/Xilinx/Processor1/Nanoprocessor/needed components/LUT_16_7.vhd} {L:/Documents/Xilinx/Processor1/Nanoprocessor/needed components/MUX_2_way_3_bit.vhd} {L:/Documents/Xilinx/Processor1/Nanoprocessor/needed components/RegisterBank.vhd} {L:/Documents/Xilinx/Processor1/Nanoprocessor/needed components/Register_4_bit.vhd} {L:/Documents/Xilinx/Processor1/Nanoprocessor/needed components/FA.vhd} {L:/Documents/Xilinx/Processor1/Nanoprocessor/needed components/Add_Sub_4.vhd}}
WARNING: [filemgmt 56-12] File 'L:/Documents/Xilinx/Processor1/Nanoprocessor/needed components/Decoder_2_to_4.vhd' cannot be added to the project because it already exists in the project, skipping this file
WARNING: [filemgmt 56-12] File 'L:/Documents/Xilinx/Processor1/Nanoprocessor/needed components/PROM.vhd' cannot be added to the project because it already exists in the project, skipping this file
WARNING: [filemgmt 56-12] File 'L:/Documents/Xilinx/Processor1/Nanoprocessor/needed components/RCA_3.vhd' cannot be added to the project because it already exists in the project, skipping this file
WARNING: [filemgmt 56-12] File 'L:/Documents/Xilinx/Processor1/Nanoprocessor/needed components/Decoder_3_to_8.vhd' cannot be added to the project because it already exists in the project, skipping this file
WARNING: [filemgmt 56-12] File 'L:/Documents/Xilinx/Processor1/Nanoprocessor/needed components/MUX_2_way_4_bit.vhd' cannot be added to the project because it already exists in the project, skipping this file
WARNING: [filemgmt 56-12] File 'L:/Documents/Xilinx/Processor1/Nanoprocessor/needed components/ProgramCounter.vhd' cannot be added to the project because it already exists in the project, skipping this file
WARNING: [filemgmt 56-12] File 'L:/Documents/Xilinx/Processor1/Nanoprocessor/needed components/MUX_8_way_4_bit.vhd' cannot be added to the project because it already exists in the project, skipping this file
WARNING: [filemgmt 56-12] File 'L:/Documents/Xilinx/Processor1/Nanoprocessor/needed components/MUX_8_to_1.vhd' cannot be added to the project because it already exists in the project, skipping this file
WARNING: [filemgmt 56-12] File 'L:/Documents/Xilinx/Processor1/Nanoprocessor/needed components/ins_decoder.vhd' cannot be added to the project because it already exists in the project, skipping this file
WARNING: [filemgmt 56-12] File 'L:/Documents/Xilinx/Processor1/Nanoprocessor/needed components/MUX_2_way_3_bit.vhd' cannot be added to the project because it already exists in the project, skipping this file
WARNING: [filemgmt 56-12] File 'L:/Documents/Xilinx/Processor1/Nanoprocessor/needed components/RegisterBank.vhd' cannot be added to the project because it already exists in the project, skipping this file
WARNING: [filemgmt 56-12] File 'L:/Documents/Xilinx/Processor1/Nanoprocessor/needed components/Register_4_bit.vhd' cannot be added to the project because it already exists in the project, skipping this file
WARNING: [filemgmt 56-12] File 'L:/Documents/Xilinx/Processor1/Nanoprocessor/needed components/Add_Sub_4.vhd' cannot be added to the project because it already exists in the project, skipping this file
update_compile_order -fileset sources_1
add_files -norecurse {{L:/Documents/Xilinx/Processor1/Nanoprocessor/needed components/Decoder_2_to_4.vhd} {L:/Documents/Xilinx/Processor1/Nanoprocessor/needed components/PROM.vhd} {L:/Documents/Xilinx/Processor1/Nanoprocessor/needed components/HA.vhd} {L:/Documents/Xilinx/Processor1/Nanoprocessor/needed components/RCA_3.vhd} {L:/Documents/Xilinx/Processor1/Nanoprocessor/needed components/D_FF.vhd} {L:/Documents/Xilinx/Processor1/Nanoprocessor/needed components/Decoder_3_to_8.vhd} {L:/Documents/Xilinx/Processor1/Nanoprocessor/needed components/MUX_2_way_4_bit.vhd} {L:/Documents/Xilinx/Processor1/Nanoprocessor/needed components/ProgramCounter.vhd} {L:/Documents/Xilinx/Processor1/Nanoprocessor/needed components/MUX_8_way_4_bit.vhd} {L:/Documents/Xilinx/Processor1/Nanoprocessor/needed components/MUX_8_to_1.vhd} {L:/Documents/Xilinx/Processor1/Nanoprocessor/needed components/ins_decoder.vhd} {L:/Documents/Xilinx/Processor1/Nanoprocessor/needed components/LUT_16_7.vhd} {L:/Documents/Xilinx/Processor1/Nanoprocessor/needed components/MUX_2_way_3_bit.vhd} {L:/Documents/Xilinx/Processor1/Nanoprocessor/needed components/RegisterBank.vhd} {L:/Documents/Xilinx/Processor1/Nanoprocessor/needed components/Register_4_bit.vhd} {L:/Documents/Xilinx/Processor1/Nanoprocessor/needed components/FA.vhd} {L:/Documents/Xilinx/Processor1/Nanoprocessor/needed components/Add_Sub_4.vhd}}
WARNING: [filemgmt 56-12] File 'L:/Documents/Xilinx/Processor1/Nanoprocessor/needed components/Decoder_2_to_4.vhd' cannot be added to the project because it already exists in the project, skipping this file
WARNING: [filemgmt 56-12] File 'L:/Documents/Xilinx/Processor1/Nanoprocessor/needed components/PROM.vhd' cannot be added to the project because it already exists in the project, skipping this file
WARNING: [filemgmt 56-12] File 'L:/Documents/Xilinx/Processor1/Nanoprocessor/needed components/HA.vhd' cannot be added to the project because it already exists in the project, skipping this file
WARNING: [filemgmt 56-12] File 'L:/Documents/Xilinx/Processor1/Nanoprocessor/needed components/RCA_3.vhd' cannot be added to the project because it already exists in the project, skipping this file
WARNING: [filemgmt 56-12] File 'L:/Documents/Xilinx/Processor1/Nanoprocessor/needed components/D_FF.vhd' cannot be added to the project because it already exists in the project, skipping this file
WARNING: [filemgmt 56-12] File 'L:/Documents/Xilinx/Processor1/Nanoprocessor/needed components/Decoder_3_to_8.vhd' cannot be added to the project because it already exists in the project, skipping this file
WARNING: [filemgmt 56-12] File 'L:/Documents/Xilinx/Processor1/Nanoprocessor/needed components/MUX_2_way_4_bit.vhd' cannot be added to the project because it already exists in the project, skipping this file
WARNING: [filemgmt 56-12] File 'L:/Documents/Xilinx/Processor1/Nanoprocessor/needed components/ProgramCounter.vhd' cannot be added to the project because it already exists in the project, skipping this file
WARNING: [filemgmt 56-12] File 'L:/Documents/Xilinx/Processor1/Nanoprocessor/needed components/MUX_8_way_4_bit.vhd' cannot be added to the project because it already exists in the project, skipping this file
WARNING: [filemgmt 56-12] File 'L:/Documents/Xilinx/Processor1/Nanoprocessor/needed components/MUX_8_to_1.vhd' cannot be added to the project because it already exists in the project, skipping this file
WARNING: [filemgmt 56-12] File 'L:/Documents/Xilinx/Processor1/Nanoprocessor/needed components/ins_decoder.vhd' cannot be added to the project because it already exists in the project, skipping this file
WARNING: [filemgmt 56-12] File 'L:/Documents/Xilinx/Processor1/Nanoprocessor/needed components/LUT_16_7.vhd' cannot be added to the project because it already exists in the project, skipping this file
WARNING: [filemgmt 56-12] File 'L:/Documents/Xilinx/Processor1/Nanoprocessor/needed components/MUX_2_way_3_bit.vhd' cannot be added to the project because it already exists in the project, skipping this file
WARNING: [filemgmt 56-12] File 'L:/Documents/Xilinx/Processor1/Nanoprocessor/needed components/RegisterBank.vhd' cannot be added to the project because it already exists in the project, skipping this file
WARNING: [filemgmt 56-12] File 'L:/Documents/Xilinx/Processor1/Nanoprocessor/needed components/Register_4_bit.vhd' cannot be added to the project because it already exists in the project, skipping this file
WARNING: [filemgmt 56-12] File 'L:/Documents/Xilinx/Processor1/Nanoprocessor/needed components/FA.vhd' cannot be added to the project because it already exists in the project, skipping this file
WARNING: [filemgmt 56-12] File 'L:/Documents/Xilinx/Processor1/Nanoprocessor/needed components/Add_Sub_4.vhd' cannot be added to the project because it already exists in the project, skipping this file
export_ip_user_files -of_objects  [get_files {{L:/Documents/Xilinx/Processor1/Nanoprocessor/from github/Add_Sub_4.vhd}}] -no_script -reset -force -quiet
remove_files  {{L:/Documents/Xilinx/Processor1/Nanoprocessor/from github/Add_Sub_4.vhd}}
export_ip_user_files -of_objects  [get_files {{L:/Documents/Xilinx/Processor1/Vivado Labs/Lab 5 counter final/lab 5/lab 5.srcs/sources_1/new/D_FF.vhd}}] -no_script -reset -force -quiet
export_ip_user_files -of_objects  [get_files {{L:/Documents/Xilinx/Processor1/Nanoprocessor/from github/Decoder_2_to_4.vhd}}] -no_script -reset -force -quiet
export_ip_user_files -of_objects  [get_files {{L:/Documents/Xilinx/Processor1/Nanoprocessor/from github/Decoder_3_to_8.vhd}}] -no_script -reset -force -quiet
export_ip_user_files -of_objects  [get_files {{L:/Documents/Xilinx/Processor1/Vivado Labs/Lab 3/Lab 3.srcs/sources_1/new/FA.vhd}}] -no_script -reset -force -quiet
export_ip_user_files -of_objects  [get_files {{L:/Documents/Xilinx/Processor1/Vivado Labs/Lab 3/Lab 3.srcs/sources_1/new/HA.vhd}}] -no_script -reset -force -quiet
export_ip_user_files -of_objects  [get_files {{L:/Documents/Xilinx/Processor1/Lab 7/Lab 7.srcs/sources_1/new/LUT_16_7.vhd}}] -no_script -reset -force -quiet
export_ip_user_files -of_objects  [get_files {{L:/Documents/Xilinx/Processor1/Nanoprocessor/from github/MUX_2_way_3_bit.vhd}}] -no_script -reset -force -quiet
export_ip_user_files -of_objects  [get_files {{L:/Documents/Xilinx/Processor1/Nanoprocessor/from github/MUX_2_way_4_bit.vhd}}] -no_script -reset -force -quiet
export_ip_user_files -of_objects  [get_files {{L:/Documents/Xilinx/Processor1/Nanoprocessor/from github/MUX_8_to_1.vhd}}] -no_script -reset -force -quiet
export_ip_user_files -of_objects  [get_files {{L:/Documents/Xilinx/Processor1/Nanoprocessor/from github/MUX_8_way_4_bit.vhd}}] -no_script -reset -force -quiet
export_ip_user_files -of_objects  [get_files {{L:/Documents/Xilinx/Processor1/Nanoprocessor/from github/PROM.vhd}}] -no_script -reset -force -quiet
export_ip_user_files -of_objects  [get_files {{L:/Documents/Xilinx/Processor1/Nanoprocessor/from github/RCA_3.vhd}}] -no_script -reset -force -quiet
export_ip_user_files -of_objects  [get_files {{L:/Documents/Xilinx/Processor1/Nanoprocessor/from github/RegisterBank.vhd}}] -no_script -reset -force -quiet
export_ip_user_files -of_objects  [get_files {{L:/Documents/Xilinx/Processor1/Nanoprocessor/from github/Register_4_bit.vhd}}] -no_script -reset -force -quiet
export_ip_user_files -of_objects  [get_files {{L:/Documents/Xilinx/Processor1/Nanoprocessor/from github/ins_decoder.vhd}}] -no_script -reset -force -quiet
remove_files  {{L:/Documents/Xilinx/Processor1/Vivado Labs/Lab 5 counter final/lab 5/lab 5.srcs/sources_1/new/D_FF.vhd} {L:/Documents/Xilinx/Processor1/Nanoprocessor/from github/Decoder_2_to_4.vhd} {L:/Documents/Xilinx/Processor1/Nanoprocessor/from github/Decoder_3_to_8.vhd} {L:/Documents/Xilinx/Processor1/Vivado Labs/Lab 3/Lab 3.srcs/sources_1/new/FA.vhd} {L:/Documents/Xilinx/Processor1/Vivado Labs/Lab 3/Lab 3.srcs/sources_1/new/HA.vhd} {L:/Documents/Xilinx/Processor1/Lab 7/Lab 7.srcs/sources_1/new/LUT_16_7.vhd} {L:/Documents/Xilinx/Processor1/Nanoprocessor/from github/MUX_2_way_3_bit.vhd} {L:/Documents/Xilinx/Processor1/Nanoprocessor/from github/MUX_2_way_4_bit.vhd} {L:/Documents/Xilinx/Processor1/Nanoprocessor/from github/MUX_8_to_1.vhd} {L:/Documents/Xilinx/Processor1/Nanoprocessor/from github/MUX_8_way_4_bit.vhd} {L:/Documents/Xilinx/Processor1/Nanoprocessor/from github/PROM.vhd} {L:/Documents/Xilinx/Processor1/Nanoprocessor/from github/RCA_3.vhd} {L:/Documents/Xilinx/Processor1/Nanoprocessor/from github/RegisterBank.vhd} {L:/Documents/Xilinx/Processor1/Nanoprocessor/from github/Register_4_bit.vhd} {L:/Documents/Xilinx/Processor1/Nanoprocessor/from github/ins_decoder.vhd}}
launch_simulation
INFO: [Vivado 12-5682] Launching behavioral simulation in 'L:/Documents/Xilinx/Processor1/Nanoprocessor/Nanoprocessor1.sim/sim_1/behav/xsim'
INFO: [SIM-utils-51] Simulation object is 'sim_1'
INFO: [SIM-utils-54] Inspecting design source files for 'TB_Nanoprocessor1' in fileset 'sim_1'...
INFO: [USF-XSim-97] Finding global include files...
INFO: [USF-XSim-98] Fetching design files from 'sim_1'...
INFO: [USF-XSim-2] XSim::Compile design
INFO: [USF-XSim-61] Executing 'COMPILE and ANALYZE' step in 'L:/Documents/Xilinx/Processor1/Nanoprocessor/Nanoprocessor1.sim/sim_1/behav/xsim'
"xvhdl --incr --relax -prj TB_Nanoprocessor1_vhdl.prj"
INFO: [VRFC 10-163] Analyzing VHDL file "L:/Documents/Xilinx/Processor1/Nanoprocessor/needed components/Add_Sub_4.vhd" into library xil_defaultlib
INFO: [VRFC 10-307] analyzing entity Add_Sub_4
INFO: [VRFC 10-163] Analyzing VHDL file "L:/Documents/Xilinx/Processor1/Nanoprocessor/needed components/D_FF.vhd" into library xil_defaultlib
INFO: [VRFC 10-307] analyzing entity D_FF
INFO: [VRFC 10-163] Analyzing VHDL file "L:/Documents/Xilinx/Processor1/Nanoprocessor/needed components/Decoder_2_to_4.vhd" into library xil_defaultlib
INFO: [VRFC 10-307] analyzing entity Decoder_2_to_4
INFO: [VRFC 10-163] Analyzing VHDL file "L:/Documents/Xilinx/Processor1/Nanoprocessor/needed components/Decoder_3_to_8.vhd" into library xil_defaultlib
INFO: [VRFC 10-307] analyzing entity Decoder_3_to_8
INFO: [VRFC 10-163] Analyzing VHDL file "L:/Documents/Xilinx/Processor1/Nanoprocessor/needed components/FA.vhd" into library xil_defaultlib
INFO: [VRFC 10-307] analyzing entity FA
INFO: [VRFC 10-163] Analyzing VHDL file "L:/Documents/Xilinx/Processor1/Nanoprocessor/needed components/HA.vhd" into library xil_defaultlib
INFO: [VRFC 10-307] analyzing entity HA
INFO: [VRFC 10-163] Analyzing VHDL file "L:/Documents/Xilinx/Processor1/Nanoprocessor/needed components/LUT_16_7.vhd" into library xil_defaultlib
INFO: [VRFC 10-307] analyzing entity LUT_16_7
INFO: [VRFC 10-163] Analyzing VHDL file "L:/Documents/Xilinx/Processor1/Nanoprocessor/needed components/MUX_2_way_3_bit.vhd" into library xil_defaultlib
INFO: [VRFC 10-307] analyzing entity MUX_2_way_3_bit
INFO: [VRFC 10-163] Analyzing VHDL file "L:/Documents/Xilinx/Processor1/Nanoprocessor/needed components/MUX_2_way_4_bit.vhd" into library xil_defaultlib
INFO: [VRFC 10-307] analyzing entity MUX_2_way_4_bit
INFO: [VRFC 10-163] Analyzing VHDL file "L:/Documents/Xilinx/Processor1/Nanoprocessor/needed components/MUX_8_to_1.vhd" into library xil_defaultlib
INFO: [VRFC 10-307] analyzing entity MUX_8_to_1
INFO: [VRFC 10-163] Analyzing VHDL file "L:/Documents/Xilinx/Processor1/Nanoprocessor/needed components/MUX_8_way_4_bit.vhd" into library xil_defaultlib
INFO: [VRFC 10-307] analyzing entity MUX_8_way_4_bit
INFO: [VRFC 10-163] Analyzing VHDL file "L:/Documents/Xilinx/Processor1/Nanoprocessor/Nanoprocessor1.srcs/sources_1/new/Nanoprocessor1.vhd" into library xil_defaultlib
INFO: [VRFC 10-307] analyzing entity Nanoprocessor1
INFO: [VRFC 10-163] Analyzing VHDL file "L:/Documents/Xilinx/Processor1/Nanoprocessor/needed components/PROM.vhd" into library xil_defaultlib
INFO: [VRFC 10-307] analyzing entity PROM
INFO: [VRFC 10-163] Analyzing VHDL file "L:/Documents/Xilinx/Processor1/Nanoprocessor/needed components/ProgramCounter.vhd" into library xil_defaultlib
INFO: [VRFC 10-307] analyzing entity ProgramCounter
INFO: [VRFC 10-163] Analyzing VHDL file "L:/Documents/Xilinx/Processor1/Nanoprocessor/needed components/RCA_3.vhd" into library xil_defaultlib
INFO: [VRFC 10-307] analyzing entity RCA_3
INFO: [VRFC 10-163] Analyzing VHDL file "L:/Documents/Xilinx/Processor1/Nanoprocessor/needed components/RegisterBank.vhd" into library xil_defaultlib
INFO: [VRFC 10-307] analyzing entity RegisterBank
INFO: [VRFC 10-163] Analyzing VHDL file "L:/Documents/Xilinx/Processor1/Nanoprocessor/needed components/Register_4_bit.vhd" into library xil_defaultlib
INFO: [VRFC 10-307] analyzing entity Register_4_bit
INFO: [VRFC 10-163] Analyzing VHDL file "L:/Documents/Xilinx/Processor1/Nanoprocessor/needed components/ins_decoder.vhd" into library xil_defaultlib
INFO: [VRFC 10-307] analyzing entity ins_decoder
INFO: [VRFC 10-163] Analyzing VHDL file "L:/Documents/Xilinx/Processor1/Nanoprocessor/Nanoprocessor1.srcs/sim_1/new/TB_Nanoprocessor1.vhd" into library xil_defaultlib
INFO: [VRFC 10-307] analyzing entity TB_Nanoprocessor1
INFO: [USF-XSim-69] 'compile' step finished in '1' seconds
INFO: [USF-XSim-3] XSim::Elaborate design
INFO: [USF-XSim-61] Executing 'ELABORATE' step in 'L:/Documents/Xilinx/Processor1/Nanoprocessor/Nanoprocessor1.sim/sim_1/behav/xsim'
Vivado Simulator 2018.2
Copyright 1986-1999, 2001-2018 Xilinx, Inc. All Rights Reserved.
Running: L:/Applications/Xilinx/Vivado/2018.2/bin/unwrapped/win64.o/xelab.exe -wto c5e211a677664013b4c7687c725313d9 --incr --debug typical --relax --mt 2 -L xil_defaultlib -L secureip --snapshot TB_Nanoprocessor1_behav xil_defaultlib.TB_Nanoprocessor1 -log elaborate.log 
Using 2 slave threads.
Starting static elaboration
Completed static elaboration
Starting simulation data flow analysis
Completed simulation data flow analysis
Time Resolution for simulation is 1ps
Compiling package std.standard
Compiling package std.textio
Compiling package ieee.std_logic_1164
Compiling package ieee.numeric_std
Compiling architecture behavioral of entity xil_defaultlib.Decoder_2_to_4 [decoder_2_to_4_default]
Compiling architecture behavioral of entity xil_defaultlib.ins_decoder [ins_decoder_default]
Compiling architecture behavioral of entity xil_defaultlib.MUX_2_way_4_bit [mux_2_way_4_bit_default]
Compiling architecture behavioral of entity xil_defaultlib.Decoder_3_to_8 [decoder_3_to_8_default]
Compiling architecture behavioral of entity xil_defaultlib.Register_4_bit [register_4_bit_default]
Compiling architecture behavioral of entity xil_defaultlib.RegisterBank [registerbank_default]
Compiling architecture behavioral of entity xil_defaultlib.MUX_8_to_1 [mux_8_to_1_default]
Compiling architecture behavioral of entity xil_defaultlib.MUX_8_way_4_bit [mux_8_way_4_bit_default]
Compiling architecture behavioral of entity xil_defaultlib.HA [ha_default]
Compiling architecture behavioral of entity xil_defaultlib.FA [fa_default]
Compiling architecture behavioral of entity xil_defaultlib.Add_Sub_4 [add_sub_4_default]
Compiling architecture behavioral of entity xil_defaultlib.D_FF [d_ff_default]
Compiling architecture behavioral of entity xil_defaultlib.ProgramCounter [programcounter_default]
Compiling architecture behavioral of entity xil_defaultlib.RCA_3 [rca_3_default]
Compiling architecture behavioral of entity xil_defaultlib.MUX_2_way_3_bit [mux_2_way_3_bit_default]
Compiling architecture behavioral of entity xil_defaultlib.PROM [prom_default]
Compiling architecture behavioral of entity xil_defaultlib.LUT_16_7 [lut_16_7_default]
Compiling architecture behavioral of entity xil_defaultlib.Nanoprocessor1 [nanoprocessor1_default]
Compiling architecture behavioral of entity xil_defaultlib.tb_nanoprocessor1
Built simulation snapshot TB_Nanoprocessor1_behav

****** Webtalk v2018.2.1 (64-bit)
  **** SW Build 2288692 on Thu Jul 26 18:24:02 MDT 2018
  **** IP Build 2289599 on Thu Jul 26 21:09:20 MDT 2018
    ** Copyright 1986-2018 Xilinx, Inc. All Rights Reserved.

source L:/Documents/Xilinx/Processor1/Nanoprocessor/Nanoprocessor1.sim/sim_1/behav/xsim/xsim.dir/TB_Nanoprocessor1_behav/webtalk/xsim_webtalk.tcl -notrace
INFO: [Common 17-206] Exiting Webtalk at Mon Apr 22 18:49:21 2024...
INFO: [USF-XSim-69] 'elaborate' step finished in '4' seconds
INFO: [USF-XSim-4] XSim::Simulate design
INFO: [USF-XSim-61] Executing 'SIMULATE' step in 'L:/Documents/Xilinx/Processor1/Nanoprocessor/Nanoprocessor1.sim/sim_1/behav/xsim'
INFO: [USF-XSim-98] *** Running xsim
   with args "TB_Nanoprocessor1_behav -key {Behavioral:sim_1:Functional:TB_Nanoprocessor1} -tclbatch {TB_Nanoprocessor1.tcl} -log {simulate.log}"
INFO: [USF-XSim-8] Loading simulator feature
Vivado Simulator 2018.2
Time resolution is 1 ps
source TB_Nanoprocessor1.tcl
# set curr_wave [current_wave_config]
# if { [string length $curr_wave] == 0 } {
#   if { [llength [get_objects]] > 0} {
#     add_wave /
#     set_property needs_save false [current_wave_config]
#   } else {
#      send_msg_id Add_Wave-1 WARNING "No top level signals found. Simulator will start without a wave window. If you want to open a wave window go to 'File->New Waveform Configuration' or type 'create_wave_config' in the TCL console."
#   }
# }
# run 1000ns
INFO: [USF-XSim-96] XSim completed. Design snapshot 'TB_Nanoprocessor1_behav' loaded.
INFO: [USF-XSim-97] XSim simulation ran for 1000ns
launch_simulation: Time (s): cpu = 00:00:02 ; elapsed = 00:00:08 . Memory (MB): peak = 907.086 ; gain = 0.000
add_files -norecurse {{L:/Documents/Xilinx/Processor1/Nanoprocessor/needed components/CLOCK.vhd}}
update_compile_order -fileset sources_1
update_compile_order -fileset sources_1
close_sim
INFO: [Simtcl 6-16] Simulation closed
launch_simulation
INFO: [Vivado 12-5682] Launching behavioral simulation in 'L:/Documents/Xilinx/Processor1/Nanoprocessor/Nanoprocessor1.sim/sim_1/behav/xsim'
INFO: [SIM-utils-51] Simulation object is 'sim_1'
INFO: [SIM-utils-54] Inspecting design source files for 'TB_Nanoprocessor1' in fileset 'sim_1'...
INFO: [USF-XSim-97] Finding global include files...
INFO: [USF-XSim-98] Fetching design files from 'sim_1'...
INFO: [USF-XSim-2] XSim::Compile design
INFO: [USF-XSim-61] Executing 'COMPILE and ANALYZE' step in 'L:/Documents/Xilinx/Processor1/Nanoprocessor/Nanoprocessor1.sim/sim_1/behav/xsim'
"xvhdl --incr --relax -prj TB_Nanoprocessor1_vhdl.prj"
INFO: [VRFC 10-163] Analyzing VHDL file "L:/Documents/Xilinx/Processor1/Nanoprocessor/needed components/CLOCK.vhd" into library xil_defaultlib
INFO: [VRFC 10-307] analyzing entity CLOCK
INFO: [VRFC 10-163] Analyzing VHDL file "L:/Documents/Xilinx/Processor1/Nanoprocessor/Nanoprocessor1.srcs/sources_1/new/Nanoprocessor1.vhd" into library xil_defaultlib
INFO: [VRFC 10-307] analyzing entity Nanoprocessor1
INFO: [VRFC 10-163] Analyzing VHDL file "L:/Documents/Xilinx/Processor1/Nanoprocessor/Nanoprocessor1.srcs/sim_1/new/TB_Nanoprocessor1.vhd" into library xil_defaultlib
INFO: [VRFC 10-307] analyzing entity TB_Nanoprocessor1
INFO: [USF-XSim-69] 'compile' step finished in '2' seconds
INFO: [USF-XSim-3] XSim::Elaborate design
INFO: [USF-XSim-61] Executing 'ELABORATE' step in 'L:/Documents/Xilinx/Processor1/Nanoprocessor/Nanoprocessor1.sim/sim_1/behav/xsim'
Vivado Simulator 2018.2
Copyright 1986-1999, 2001-2018 Xilinx, Inc. All Rights Reserved.
Running: L:/Applications/Xilinx/Vivado/2018.2/bin/unwrapped/win64.o/xelab.exe -wto c5e211a677664013b4c7687c725313d9 --incr --debug typical --relax --mt 2 -L xil_defaultlib -L secureip --snapshot TB_Nanoprocessor1_behav xil_defaultlib.TB_Nanoprocessor1 -log elaborate.log 
Using 2 slave threads.
Starting static elaboration
Completed static elaboration
Starting simulation data flow analysis
Completed simulation data flow analysis
Time Resolution for simulation is 1ps
Compiling package std.standard
Compiling package std.textio
Compiling package ieee.std_logic_1164
Compiling package ieee.numeric_std
Compiling architecture behavioral of entity xil_defaultlib.CLOCK [clock_default]
Compiling architecture behavioral of entity xil_defaultlib.Decoder_2_to_4 [decoder_2_to_4_default]
Compiling architecture behavioral of entity xil_defaultlib.ins_decoder [ins_decoder_default]
Compiling architecture behavioral of entity xil_defaultlib.MUX_2_way_4_bit [mux_2_way_4_bit_default]
Compiling architecture behavioral of entity xil_defaultlib.Decoder_3_to_8 [decoder_3_to_8_default]
Compiling architecture behavioral of entity xil_defaultlib.Register_4_bit [register_4_bit_default]
Compiling architecture behavioral of entity xil_defaultlib.RegisterBank [registerbank_default]
Compiling architecture behavioral of entity xil_defaultlib.MUX_8_to_1 [mux_8_to_1_default]
Compiling architecture behavioral of entity xil_defaultlib.MUX_8_way_4_bit [mux_8_way_4_bit_default]
Compiling architecture behavioral of entity xil_defaultlib.HA [ha_default]
Compiling architecture behavioral of entity xil_defaultlib.FA [fa_default]
Compiling architecture behavioral of entity xil_defaultlib.Add_Sub_4 [add_sub_4_default]
Compiling architecture behavioral of entity xil_defaultlib.D_FF [d_ff_default]
Compiling architecture behavioral of entity xil_defaultlib.ProgramCounter [programcounter_default]
Compiling architecture behavioral of entity xil_defaultlib.RCA_3 [rca_3_default]
Compiling architecture behavioral of entity xil_defaultlib.MUX_2_way_3_bit [mux_2_way_3_bit_default]
Compiling architecture behavioral of entity xil_defaultlib.PROM [prom_default]
Compiling architecture behavioral of entity xil_defaultlib.LUT_16_7 [lut_16_7_default]
Compiling architecture behavioral of entity xil_defaultlib.Nanoprocessor1 [nanoprocessor1_default]
Compiling architecture behavioral of entity xil_defaultlib.tb_nanoprocessor1
Built simulation snapshot TB_Nanoprocessor1_behav
INFO: [USF-XSim-69] 'elaborate' step finished in '1' seconds
INFO: [USF-XSim-4] XSim::Simulate design
INFO: [USF-XSim-61] Executing 'SIMULATE' step in 'L:/Documents/Xilinx/Processor1/Nanoprocessor/Nanoprocessor1.sim/sim_1/behav/xsim'
INFO: [USF-XSim-98] *** Running xsim
   with args "TB_Nanoprocessor1_behav -key {Behavioral:sim_1:Functional:TB_Nanoprocessor1} -tclbatch {TB_Nanoprocessor1.tcl} -log {simulate.log}"
INFO: [USF-XSim-8] Loading simulator feature
Vivado Simulator 2018.2
Time resolution is 1 ps
source TB_Nanoprocessor1.tcl
# set curr_wave [current_wave_config]
# if { [string length $curr_wave] == 0 } {
#   if { [llength [get_objects]] > 0} {
#     add_wave /
#     set_property needs_save false [current_wave_config]
#   } else {
#      send_msg_id Add_Wave-1 WARNING "No top level signals found. Simulator will start without a wave window. If you want to open a wave window go to 'File->New Waveform Configuration' or type 'create_wave_config' in the TCL console."
#   }
# }
# run 1000ns
INFO: [USF-XSim-96] XSim completed. Design snapshot 'TB_Nanoprocessor1_behav' loaded.
INFO: [USF-XSim-97] XSim simulation ran for 1000ns
close_sim
INFO: [Simtcl 6-16] Simulation closed
launch_simulation
INFO: [Vivado 12-5682] Launching behavioral simulation in 'L:/Documents/Xilinx/Processor1/Nanoprocessor/Nanoprocessor1.sim/sim_1/behav/xsim'
INFO: [SIM-utils-51] Simulation object is 'sim_1'
INFO: [SIM-utils-54] Inspecting design source files for 'TB_Nanoprocessor1' in fileset 'sim_1'...
INFO: [USF-XSim-97] Finding global include files...
INFO: [USF-XSim-98] Fetching design files from 'sim_1'...
INFO: [USF-XSim-2] XSim::Compile design
INFO: [USF-XSim-61] Executing 'COMPILE and ANALYZE' step in 'L:/Documents/Xilinx/Processor1/Nanoprocessor/Nanoprocessor1.sim/sim_1/behav/xsim'
"xvhdl --incr --relax -prj TB_Nanoprocessor1_vhdl.prj"
INFO: [VRFC 10-163] Analyzing VHDL file "L:/Documents/Xilinx/Processor1/Nanoprocessor/Nanoprocessor1.srcs/sim_1/new/TB_Nanoprocessor1.vhd" into library xil_defaultlib
INFO: [VRFC 10-307] analyzing entity TB_Nanoprocessor1
INFO: [USF-XSim-69] 'compile' step finished in '1' seconds
INFO: [USF-XSim-3] XSim::Elaborate design
INFO: [USF-XSim-61] Executing 'ELABORATE' step in 'L:/Documents/Xilinx/Processor1/Nanoprocessor/Nanoprocessor1.sim/sim_1/behav/xsim'
Vivado Simulator 2018.2
Copyright 1986-1999, 2001-2018 Xilinx, Inc. All Rights Reserved.
Running: L:/Applications/Xilinx/Vivado/2018.2/bin/unwrapped/win64.o/xelab.exe -wto c5e211a677664013b4c7687c725313d9 --incr --debug typical --relax --mt 2 -L xil_defaultlib -L secureip --snapshot TB_Nanoprocessor1_behav xil_defaultlib.TB_Nanoprocessor1 -log elaborate.log 
Using 2 slave threads.
Starting static elaboration
Completed static elaboration
Starting simulation data flow analysis
Completed simulation data flow analysis
Time Resolution for simulation is 1ps
Compiling package std.standard
Compiling package std.textio
Compiling package ieee.std_logic_1164
Compiling package ieee.numeric_std
Compiling architecture behavioral of entity xil_defaultlib.CLOCK [clock_default]
Compiling architecture behavioral of entity xil_defaultlib.Decoder_2_to_4 [decoder_2_to_4_default]
Compiling architecture behavioral of entity xil_defaultlib.ins_decoder [ins_decoder_default]
Compiling architecture behavioral of entity xil_defaultlib.MUX_2_way_4_bit [mux_2_way_4_bit_default]
Compiling architecture behavioral of entity xil_defaultlib.Decoder_3_to_8 [decoder_3_to_8_default]
Compiling architecture behavioral of entity xil_defaultlib.Register_4_bit [register_4_bit_default]
Compiling architecture behavioral of entity xil_defaultlib.RegisterBank [registerbank_default]
Compiling architecture behavioral of entity xil_defaultlib.MUX_8_to_1 [mux_8_to_1_default]
Compiling architecture behavioral of entity xil_defaultlib.MUX_8_way_4_bit [mux_8_way_4_bit_default]
Compiling architecture behavioral of entity xil_defaultlib.HA [ha_default]
Compiling architecture behavioral of entity xil_defaultlib.FA [fa_default]
Compiling architecture behavioral of entity xil_defaultlib.Add_Sub_4 [add_sub_4_default]
Compiling architecture behavioral of entity xil_defaultlib.D_FF [d_ff_default]
Compiling architecture behavioral of entity xil_defaultlib.ProgramCounter [programcounter_default]
Compiling architecture behavioral of entity xil_defaultlib.RCA_3 [rca_3_default]
Compiling architecture behavioral of entity xil_defaultlib.MUX_2_way_3_bit [mux_2_way_3_bit_default]
Compiling architecture behavioral of entity xil_defaultlib.PROM [prom_default]
Compiling architecture behavioral of entity xil_defaultlib.LUT_16_7 [lut_16_7_default]
Compiling architecture behavioral of entity xil_defaultlib.Nanoprocessor1 [nanoprocessor1_default]
Compiling architecture behavioral of entity xil_defaultlib.tb_nanoprocessor1
Built simulation snapshot TB_Nanoprocessor1_behav
INFO: [USF-XSim-69] 'elaborate' step finished in '1' seconds
INFO: [USF-XSim-4] XSim::Simulate design
INFO: [USF-XSim-61] Executing 'SIMULATE' step in 'L:/Documents/Xilinx/Processor1/Nanoprocessor/Nanoprocessor1.sim/sim_1/behav/xsim'
INFO: [USF-XSim-98] *** Running xsim
   with args "TB_Nanoprocessor1_behav -key {Behavioral:sim_1:Functional:TB_Nanoprocessor1} -tclbatch {TB_Nanoprocessor1.tcl} -log {simulate.log}"
INFO: [USF-XSim-8] Loading simulator feature
Vivado Simulator 2018.2
Time resolution is 1 ps
source TB_Nanoprocessor1.tcl
# set curr_wave [current_wave_config]
# if { [string length $curr_wave] == 0 } {
#   if { [llength [get_objects]] > 0} {
#     add_wave /
#     set_property needs_save false [current_wave_config]
#   } else {
#      send_msg_id Add_Wave-1 WARNING "No top level signals found. Simulator will start without a wave window. If you want to open a wave window go to 'File->New Waveform Configuration' or type 'create_wave_config' in the TCL console."
#   }
# }
# run 1000ns
INFO: [USF-XSim-96] XSim completed. Design snapshot 'TB_Nanoprocessor1_behav' loaded.
INFO: [USF-XSim-97] XSim simulation ran for 1000ns
close_sim
INFO: [Simtcl 6-16] Simulation closed
launch_simulation
INFO: [Vivado 12-5682] Launching behavioral simulation in 'L:/Documents/Xilinx/Processor1/Nanoprocessor/Nanoprocessor1.sim/sim_1/behav/xsim'
INFO: [SIM-utils-51] Simulation object is 'sim_1'
INFO: [SIM-utils-54] Inspecting design source files for 'TB_Nanoprocessor1' in fileset 'sim_1'...
INFO: [USF-XSim-97] Finding global include files...
INFO: [USF-XSim-98] Fetching design files from 'sim_1'...
INFO: [USF-XSim-2] XSim::Compile design
INFO: [USF-XSim-61] Executing 'COMPILE and ANALYZE' step in 'L:/Documents/Xilinx/Processor1/Nanoprocessor/Nanoprocessor1.sim/sim_1/behav/xsim'
"xvhdl --incr --relax -prj TB_Nanoprocessor1_vhdl.prj"
INFO: [VRFC 10-163] Analyzing VHDL file "L:/Documents/Xilinx/Processor1/Nanoprocessor/Nanoprocessor1.srcs/sim_1/new/TB_Nanoprocessor1.vhd" into library xil_defaultlib
INFO: [VRFC 10-307] analyzing entity TB_Nanoprocessor1
INFO: [USF-XSim-69] 'compile' step finished in '1' seconds
INFO: [USF-XSim-3] XSim::Elaborate design
INFO: [USF-XSim-61] Executing 'ELABORATE' step in 'L:/Documents/Xilinx/Processor1/Nanoprocessor/Nanoprocessor1.sim/sim_1/behav/xsim'
Vivado Simulator 2018.2
Copyright 1986-1999, 2001-2018 Xilinx, Inc. All Rights Reserved.
Running: L:/Applications/Xilinx/Vivado/2018.2/bin/unwrapped/win64.o/xelab.exe -wto c5e211a677664013b4c7687c725313d9 --incr --debug typical --relax --mt 2 -L xil_defaultlib -L secureip --snapshot TB_Nanoprocessor1_behav xil_defaultlib.TB_Nanoprocessor1 -log elaborate.log 
Using 2 slave threads.
Starting static elaboration
Completed static elaboration
Starting simulation data flow analysis
Completed simulation data flow analysis
Time Resolution for simulation is 1ps
Compiling package std.standard
Compiling package std.textio
Compiling package ieee.std_logic_1164
Compiling package ieee.numeric_std
Compiling architecture behavioral of entity xil_defaultlib.CLOCK [clock_default]
Compiling architecture behavioral of entity xil_defaultlib.Decoder_2_to_4 [decoder_2_to_4_default]
Compiling architecture behavioral of entity xil_defaultlib.ins_decoder [ins_decoder_default]
Compiling architecture behavioral of entity xil_defaultlib.MUX_2_way_4_bit [mux_2_way_4_bit_default]
Compiling architecture behavioral of entity xil_defaultlib.Decoder_3_to_8 [decoder_3_to_8_default]
Compiling architecture behavioral of entity xil_defaultlib.Register_4_bit [register_4_bit_default]
Compiling architecture behavioral of entity xil_defaultlib.RegisterBank [registerbank_default]
Compiling architecture behavioral of entity xil_defaultlib.MUX_8_to_1 [mux_8_to_1_default]
Compiling architecture behavioral of entity xil_defaultlib.MUX_8_way_4_bit [mux_8_way_4_bit_default]
Compiling architecture behavioral of entity xil_defaultlib.HA [ha_default]
Compiling architecture behavioral of entity xil_defaultlib.FA [fa_default]
Compiling architecture behavioral of entity xil_defaultlib.Add_Sub_4 [add_sub_4_default]
Compiling architecture behavioral of entity xil_defaultlib.D_FF [d_ff_default]
Compiling architecture behavioral of entity xil_defaultlib.ProgramCounter [programcounter_default]
Compiling architecture behavioral of entity xil_defaultlib.RCA_3 [rca_3_default]
Compiling architecture behavioral of entity xil_defaultlib.MUX_2_way_3_bit [mux_2_way_3_bit_default]
Compiling architecture behavioral of entity xil_defaultlib.PROM [prom_default]
Compiling architecture behavioral of entity xil_defaultlib.LUT_16_7 [lut_16_7_default]
Compiling architecture behavioral of entity xil_defaultlib.Nanoprocessor1 [nanoprocessor1_default]
Compiling architecture behavioral of entity xil_defaultlib.tb_nanoprocessor1
Built simulation snapshot TB_Nanoprocessor1_behav
INFO: [USF-XSim-69] 'elaborate' step finished in '2' seconds
INFO: [USF-XSim-4] XSim::Simulate design
INFO: [USF-XSim-61] Executing 'SIMULATE' step in 'L:/Documents/Xilinx/Processor1/Nanoprocessor/Nanoprocessor1.sim/sim_1/behav/xsim'
INFO: [USF-XSim-98] *** Running xsim
   with args "TB_Nanoprocessor1_behav -key {Behavioral:sim_1:Functional:TB_Nanoprocessor1} -tclbatch {TB_Nanoprocessor1.tcl} -log {simulate.log}"
INFO: [USF-XSim-8] Loading simulator feature
Vivado Simulator 2018.2
Time resolution is 1 ps
source TB_Nanoprocessor1.tcl
# set curr_wave [current_wave_config]
# if { [string length $curr_wave] == 0 } {
#   if { [llength [get_objects]] > 0} {
#     add_wave /
#     set_property needs_save false [current_wave_config]
#   } else {
#      send_msg_id Add_Wave-1 WARNING "No top level signals found. Simulator will start without a wave window. If you want to open a wave window go to 'File->New Waveform Configuration' or type 'create_wave_config' in the TCL console."
#   }
# }
# run 1000ns
INFO: [USF-XSim-96] XSim completed. Design snapshot 'TB_Nanoprocessor1_behav' loaded.
INFO: [USF-XSim-97] XSim simulation ran for 1000ns
close_sim
INFO: [Simtcl 6-16] Simulation closed
launch_simulation
INFO: [Vivado 12-5682] Launching behavioral simulation in 'L:/Documents/Xilinx/Processor1/Nanoprocessor/Nanoprocessor1.sim/sim_1/behav/xsim'
INFO: [SIM-utils-51] Simulation object is 'sim_1'
INFO: [SIM-utils-54] Inspecting design source files for 'TB_Nanoprocessor1' in fileset 'sim_1'...
INFO: [USF-XSim-97] Finding global include files...
INFO: [USF-XSim-98] Fetching design files from 'sim_1'...
INFO: [USF-XSim-2] XSim::Compile design
INFO: [USF-XSim-61] Executing 'COMPILE and ANALYZE' step in 'L:/Documents/Xilinx/Processor1/Nanoprocessor/Nanoprocessor1.sim/sim_1/behav/xsim'
"xvhdl --incr --relax -prj TB_Nanoprocessor1_vhdl.prj"
INFO: [VRFC 10-163] Analyzing VHDL file "L:/Documents/Xilinx/Processor1/Nanoprocessor/Nanoprocessor1.srcs/sim_1/new/TB_Nanoprocessor1.vhd" into library xil_defaultlib
INFO: [VRFC 10-307] analyzing entity TB_Nanoprocessor1
INFO: [USF-XSim-69] 'compile' step finished in '1' seconds
INFO: [USF-XSim-3] XSim::Elaborate design
INFO: [USF-XSim-61] Executing 'ELABORATE' step in 'L:/Documents/Xilinx/Processor1/Nanoprocessor/Nanoprocessor1.sim/sim_1/behav/xsim'
Vivado Simulator 2018.2
Copyright 1986-1999, 2001-2018 Xilinx, Inc. All Rights Reserved.
Running: L:/Applications/Xilinx/Vivado/2018.2/bin/unwrapped/win64.o/xelab.exe -wto c5e211a677664013b4c7687c725313d9 --incr --debug typical --relax --mt 2 -L xil_defaultlib -L secureip --snapshot TB_Nanoprocessor1_behav xil_defaultlib.TB_Nanoprocessor1 -log elaborate.log 
Using 2 slave threads.
Starting static elaboration
Completed static elaboration
Starting simulation data flow analysis
Completed simulation data flow analysis
Time Resolution for simulation is 1ps
Compiling package std.standard
Compiling package std.textio
Compiling package ieee.std_logic_1164
Compiling package ieee.numeric_std
Compiling architecture behavioral of entity xil_defaultlib.CLOCK [clock_default]
Compiling architecture behavioral of entity xil_defaultlib.Decoder_2_to_4 [decoder_2_to_4_default]
Compiling architecture behavioral of entity xil_defaultlib.ins_decoder [ins_decoder_default]
Compiling architecture behavioral of entity xil_defaultlib.MUX_2_way_4_bit [mux_2_way_4_bit_default]
Compiling architecture behavioral of entity xil_defaultlib.Decoder_3_to_8 [decoder_3_to_8_default]
Compiling architecture behavioral of entity xil_defaultlib.Register_4_bit [register_4_bit_default]
Compiling architecture behavioral of entity xil_defaultlib.RegisterBank [registerbank_default]
Compiling architecture behavioral of entity xil_defaultlib.MUX_8_to_1 [mux_8_to_1_default]
Compiling architecture behavioral of entity xil_defaultlib.MUX_8_way_4_bit [mux_8_way_4_bit_default]
Compiling architecture behavioral of entity xil_defaultlib.HA [ha_default]
Compiling architecture behavioral of entity xil_defaultlib.FA [fa_default]
Compiling architecture behavioral of entity xil_defaultlib.Add_Sub_4 [add_sub_4_default]
Compiling architecture behavioral of entity xil_defaultlib.D_FF [d_ff_default]
Compiling architecture behavioral of entity xil_defaultlib.ProgramCounter [programcounter_default]
Compiling architecture behavioral of entity xil_defaultlib.RCA_3 [rca_3_default]
Compiling architecture behavioral of entity xil_defaultlib.MUX_2_way_3_bit [mux_2_way_3_bit_default]
Compiling architecture behavioral of entity xil_defaultlib.PROM [prom_default]
Compiling architecture behavioral of entity xil_defaultlib.LUT_16_7 [lut_16_7_default]
Compiling architecture behavioral of entity xil_defaultlib.Nanoprocessor1 [nanoprocessor1_default]
Compiling architecture behavioral of entity xil_defaultlib.tb_nanoprocessor1
Built simulation snapshot TB_Nanoprocessor1_behav
INFO: [USF-XSim-69] 'elaborate' step finished in '1' seconds
INFO: [USF-XSim-4] XSim::Simulate design
INFO: [USF-XSim-61] Executing 'SIMULATE' step in 'L:/Documents/Xilinx/Processor1/Nanoprocessor/Nanoprocessor1.sim/sim_1/behav/xsim'
INFO: [USF-XSim-98] *** Running xsim
   with args "TB_Nanoprocessor1_behav -key {Behavioral:sim_1:Functional:TB_Nanoprocessor1} -tclbatch {TB_Nanoprocessor1.tcl} -log {simulate.log}"
INFO: [USF-XSim-8] Loading simulator feature
Vivado Simulator 2018.2
Time resolution is 1 ps
source TB_Nanoprocessor1.tcl
# set curr_wave [current_wave_config]
# if { [string length $curr_wave] == 0 } {
#   if { [llength [get_objects]] > 0} {
#     add_wave /
#     set_property needs_save false [current_wave_config]
#   } else {
#      send_msg_id Add_Wave-1 WARNING "No top level signals found. Simulator will start without a wave window. If you want to open a wave window go to 'File->New Waveform Configuration' or type 'create_wave_config' in the TCL console."
#   }
# }
# run 1000ns
INFO: [USF-XSim-96] XSim completed. Design snapshot 'TB_Nanoprocessor1_behav' loaded.
INFO: [USF-XSim-97] XSim simulation ran for 1000ns
close_sim
INFO: [Simtcl 6-16] Simulation closed
launch_simulation
INFO: [Vivado 12-5682] Launching behavioral simulation in 'L:/Documents/Xilinx/Processor1/Nanoprocessor/Nanoprocessor1.sim/sim_1/behav/xsim'
INFO: [SIM-utils-51] Simulation object is 'sim_1'
INFO: [SIM-utils-54] Inspecting design source files for 'TB_Nanoprocessor1' in fileset 'sim_1'...
INFO: [USF-XSim-97] Finding global include files...
INFO: [USF-XSim-98] Fetching design files from 'sim_1'...
INFO: [USF-XSim-2] XSim::Compile design
INFO: [USF-XSim-61] Executing 'COMPILE and ANALYZE' step in 'L:/Documents/Xilinx/Processor1/Nanoprocessor/Nanoprocessor1.sim/sim_1/behav/xsim'
"xvhdl --incr --relax -prj TB_Nanoprocessor1_vhdl.prj"
INFO: [VRFC 10-163] Analyzing VHDL file "L:/Documents/Xilinx/Processor1/Nanoprocessor/Nanoprocessor1.srcs/sim_1/new/TB_Nanoprocessor1.vhd" into library xil_defaultlib
INFO: [VRFC 10-307] analyzing entity TB_Nanoprocessor1
INFO: [USF-XSim-69] 'compile' step finished in '1' seconds
INFO: [USF-XSim-3] XSim::Elaborate design
INFO: [USF-XSim-61] Executing 'ELABORATE' step in 'L:/Documents/Xilinx/Processor1/Nanoprocessor/Nanoprocessor1.sim/sim_1/behav/xsim'
Vivado Simulator 2018.2
Copyright 1986-1999, 2001-2018 Xilinx, Inc. All Rights Reserved.
Running: L:/Applications/Xilinx/Vivado/2018.2/bin/unwrapped/win64.o/xelab.exe -wto c5e211a677664013b4c7687c725313d9 --incr --debug typical --relax --mt 2 -L xil_defaultlib -L secureip --snapshot TB_Nanoprocessor1_behav xil_defaultlib.TB_Nanoprocessor1 -log elaborate.log 
Using 2 slave threads.
Starting static elaboration
Completed static elaboration
Starting simulation data flow analysis
Completed simulation data flow analysis
Time Resolution for simulation is 1ps
Compiling package std.standard
Compiling package std.textio
Compiling package ieee.std_logic_1164
Compiling package ieee.numeric_std
Compiling architecture behavioral of entity xil_defaultlib.CLOCK [clock_default]
Compiling architecture behavioral of entity xil_defaultlib.Decoder_2_to_4 [decoder_2_to_4_default]
Compiling architecture behavioral of entity xil_defaultlib.ins_decoder [ins_decoder_default]
Compiling architecture behavioral of entity xil_defaultlib.MUX_2_way_4_bit [mux_2_way_4_bit_default]
Compiling architecture behavioral of entity xil_defaultlib.Decoder_3_to_8 [decoder_3_to_8_default]
Compiling architecture behavioral of entity xil_defaultlib.Register_4_bit [register_4_bit_default]
Compiling architecture behavioral of entity xil_defaultlib.RegisterBank [registerbank_default]
Compiling architecture behavioral of entity xil_defaultlib.MUX_8_to_1 [mux_8_to_1_default]
Compiling architecture behavioral of entity xil_defaultlib.MUX_8_way_4_bit [mux_8_way_4_bit_default]
Compiling architecture behavioral of entity xil_defaultlib.HA [ha_default]
Compiling architecture behavioral of entity xil_defaultlib.FA [fa_default]
Compiling architecture behavioral of entity xil_defaultlib.Add_Sub_4 [add_sub_4_default]
Compiling architecture behavioral of entity xil_defaultlib.D_FF [d_ff_default]
Compiling architecture behavioral of entity xil_defaultlib.ProgramCounter [programcounter_default]
Compiling architecture behavioral of entity xil_defaultlib.RCA_3 [rca_3_default]
Compiling architecture behavioral of entity xil_defaultlib.MUX_2_way_3_bit [mux_2_way_3_bit_default]
Compiling architecture behavioral of entity xil_defaultlib.PROM [prom_default]
Compiling architecture behavioral of entity xil_defaultlib.LUT_16_7 [lut_16_7_default]
Compiling architecture behavioral of entity xil_defaultlib.Nanoprocessor1 [nanoprocessor1_default]
Compiling architecture behavioral of entity xil_defaultlib.tb_nanoprocessor1
Built simulation snapshot TB_Nanoprocessor1_behav
INFO: [USF-XSim-69] 'elaborate' step finished in '1' seconds
INFO: [USF-XSim-4] XSim::Simulate design
INFO: [USF-XSim-61] Executing 'SIMULATE' step in 'L:/Documents/Xilinx/Processor1/Nanoprocessor/Nanoprocessor1.sim/sim_1/behav/xsim'
INFO: [USF-XSim-98] *** Running xsim
   with args "TB_Nanoprocessor1_behav -key {Behavioral:sim_1:Functional:TB_Nanoprocessor1} -tclbatch {TB_Nanoprocessor1.tcl} -log {simulate.log}"
INFO: [USF-XSim-8] Loading simulator feature
Vivado Simulator 2018.2
Time resolution is 1 ps
source TB_Nanoprocessor1.tcl
# set curr_wave [current_wave_config]
# if { [string length $curr_wave] == 0 } {
#   if { [llength [get_objects]] > 0} {
#     add_wave /
#     set_property needs_save false [current_wave_config]
#   } else {
#      send_msg_id Add_Wave-1 WARNING "No top level signals found. Simulator will start without a wave window. If you want to open a wave window go to 'File->New Waveform Configuration' or type 'create_wave_config' in the TCL console."
#   }
# }
# run 1000ns
INFO: [USF-XSim-96] XSim completed. Design snapshot 'TB_Nanoprocessor1_behav' loaded.
INFO: [USF-XSim-97] XSim simulation ran for 1000ns
close_sim
INFO: [Simtcl 6-16] Simulation closed
launch_simulation
INFO: [Vivado 12-5682] Launching behavioral simulation in 'L:/Documents/Xilinx/Processor1/Nanoprocessor/Nanoprocessor1.sim/sim_1/behav/xsim'
INFO: [SIM-utils-51] Simulation object is 'sim_1'
INFO: [SIM-utils-54] Inspecting design source files for 'TB_Nanoprocessor1' in fileset 'sim_1'...
INFO: [USF-XSim-97] Finding global include files...
INFO: [USF-XSim-98] Fetching design files from 'sim_1'...
INFO: [USF-XSim-2] XSim::Compile design
INFO: [USF-XSim-61] Executing 'COMPILE and ANALYZE' step in 'L:/Documents/Xilinx/Processor1/Nanoprocessor/Nanoprocessor1.sim/sim_1/behav/xsim'
"xvhdl --incr --relax -prj TB_Nanoprocessor1_vhdl.prj"
INFO: [VRFC 10-163] Analyzing VHDL file "L:/Documents/Xilinx/Processor1/Nanoprocessor/Nanoprocessor1.srcs/sim_1/new/TB_Nanoprocessor1.vhd" into library xil_defaultlib
INFO: [VRFC 10-307] analyzing entity TB_Nanoprocessor1
INFO: [USF-XSim-69] 'compile' step finished in '1' seconds
INFO: [USF-XSim-3] XSim::Elaborate design
INFO: [USF-XSim-61] Executing 'ELABORATE' step in 'L:/Documents/Xilinx/Processor1/Nanoprocessor/Nanoprocessor1.sim/sim_1/behav/xsim'
Vivado Simulator 2018.2
Copyright 1986-1999, 2001-2018 Xilinx, Inc. All Rights Reserved.
Running: L:/Applications/Xilinx/Vivado/2018.2/bin/unwrapped/win64.o/xelab.exe -wto c5e211a677664013b4c7687c725313d9 --incr --debug typical --relax --mt 2 -L xil_defaultlib -L secureip --snapshot TB_Nanoprocessor1_behav xil_defaultlib.TB_Nanoprocessor1 -log elaborate.log 
Using 2 slave threads.
Starting static elaboration
Completed static elaboration
Starting simulation data flow analysis
Completed simulation data flow analysis
Time Resolution for simulation is 1ps
Compiling package std.standard
Compiling package std.textio
Compiling package ieee.std_logic_1164
Compiling package ieee.numeric_std
Compiling architecture behavioral of entity xil_defaultlib.CLOCK [clock_default]
Compiling architecture behavioral of entity xil_defaultlib.Decoder_2_to_4 [decoder_2_to_4_default]
Compiling architecture behavioral of entity xil_defaultlib.ins_decoder [ins_decoder_default]
Compiling architecture behavioral of entity xil_defaultlib.MUX_2_way_4_bit [mux_2_way_4_bit_default]
Compiling architecture behavioral of entity xil_defaultlib.Decoder_3_to_8 [decoder_3_to_8_default]
Compiling architecture behavioral of entity xil_defaultlib.Register_4_bit [register_4_bit_default]
Compiling architecture behavioral of entity xil_defaultlib.RegisterBank [registerbank_default]
Compiling architecture behavioral of entity xil_defaultlib.MUX_8_to_1 [mux_8_to_1_default]
Compiling architecture behavioral of entity xil_defaultlib.MUX_8_way_4_bit [mux_8_way_4_bit_default]
Compiling architecture behavioral of entity xil_defaultlib.HA [ha_default]
Compiling architecture behavioral of entity xil_defaultlib.FA [fa_default]
Compiling architecture behavioral of entity xil_defaultlib.Add_Sub_4 [add_sub_4_default]
Compiling architecture behavioral of entity xil_defaultlib.D_FF [d_ff_default]
Compiling architecture behavioral of entity xil_defaultlib.ProgramCounter [programcounter_default]
Compiling architecture behavioral of entity xil_defaultlib.RCA_3 [rca_3_default]
Compiling architecture behavioral of entity xil_defaultlib.MUX_2_way_3_bit [mux_2_way_3_bit_default]
Compiling architecture behavioral of entity xil_defaultlib.PROM [prom_default]
Compiling architecture behavioral of entity xil_defaultlib.LUT_16_7 [lut_16_7_default]
Compiling architecture behavioral of entity xil_defaultlib.Nanoprocessor1 [nanoprocessor1_default]
Compiling architecture behavioral of entity xil_defaultlib.tb_nanoprocessor1
Built simulation snapshot TB_Nanoprocessor1_behav
INFO: [USF-XSim-69] 'elaborate' step finished in '1' seconds
INFO: [USF-XSim-4] XSim::Simulate design
INFO: [USF-XSim-61] Executing 'SIMULATE' step in 'L:/Documents/Xilinx/Processor1/Nanoprocessor/Nanoprocessor1.sim/sim_1/behav/xsim'
INFO: [USF-XSim-98] *** Running xsim
   with args "TB_Nanoprocessor1_behav -key {Behavioral:sim_1:Functional:TB_Nanoprocessor1} -tclbatch {TB_Nanoprocessor1.tcl} -log {simulate.log}"
INFO: [USF-XSim-8] Loading simulator feature
Vivado Simulator 2018.2
Time resolution is 1 ps
source TB_Nanoprocessor1.tcl
# set curr_wave [current_wave_config]
# if { [string length $curr_wave] == 0 } {
#   if { [llength [get_objects]] > 0} {
#     add_wave /
#     set_property needs_save false [current_wave_config]
#   } else {
#      send_msg_id Add_Wave-1 WARNING "No top level signals found. Simulator will start without a wave window. If you want to open a wave window go to 'File->New Waveform Configuration' or type 'create_wave_config' in the TCL console."
#   }
# }
# run 1000ns
INFO: [USF-XSim-96] XSim completed. Design snapshot 'TB_Nanoprocessor1_behav' loaded.
INFO: [USF-XSim-97] XSim simulation ran for 1000ns
close_sim
INFO: [Simtcl 6-16] Simulation closed
launch_simulation
INFO: [Vivado 12-5682] Launching behavioral simulation in 'L:/Documents/Xilinx/Processor1/Nanoprocessor/Nanoprocessor1.sim/sim_1/behav/xsim'
INFO: [SIM-utils-51] Simulation object is 'sim_1'
INFO: [SIM-utils-54] Inspecting design source files for 'TB_Nanoprocessor1' in fileset 'sim_1'...
INFO: [USF-XSim-97] Finding global include files...
INFO: [USF-XSim-98] Fetching design files from 'sim_1'...
INFO: [USF-XSim-2] XSim::Compile design
INFO: [USF-XSim-61] Executing 'COMPILE and ANALYZE' step in 'L:/Documents/Xilinx/Processor1/Nanoprocessor/Nanoprocessor1.sim/sim_1/behav/xsim'
"xvhdl --incr --relax -prj TB_Nanoprocessor1_vhdl.prj"
INFO: [VRFC 10-163] Analyzing VHDL file "L:/Documents/Xilinx/Processor1/Nanoprocessor/needed components/CLOCK.vhd" into library xil_defaultlib
INFO: [VRFC 10-307] analyzing entity CLOCK
INFO: [VRFC 10-163] Analyzing VHDL file "L:/Documents/Xilinx/Processor1/Nanoprocessor/Nanoprocessor1.srcs/sources_1/new/Nanoprocessor1.vhd" into library xil_defaultlib
INFO: [VRFC 10-307] analyzing entity Nanoprocessor1
INFO: [VRFC 10-163] Analyzing VHDL file "L:/Documents/Xilinx/Processor1/Nanoprocessor/Nanoprocessor1.srcs/sim_1/new/TB_Nanoprocessor1.vhd" into library xil_defaultlib
INFO: [VRFC 10-307] analyzing entity TB_Nanoprocessor1
INFO: [USF-XSim-69] 'compile' step finished in '1' seconds
INFO: [USF-XSim-3] XSim::Elaborate design
INFO: [USF-XSim-61] Executing 'ELABORATE' step in 'L:/Documents/Xilinx/Processor1/Nanoprocessor/Nanoprocessor1.sim/sim_1/behav/xsim'
Vivado Simulator 2018.2
Copyright 1986-1999, 2001-2018 Xilinx, Inc. All Rights Reserved.
Running: L:/Applications/Xilinx/Vivado/2018.2/bin/unwrapped/win64.o/xelab.exe -wto c5e211a677664013b4c7687c725313d9 --incr --debug typical --relax --mt 2 -L xil_defaultlib -L secureip --snapshot TB_Nanoprocessor1_behav xil_defaultlib.TB_Nanoprocessor1 -log elaborate.log 
Using 2 slave threads.
Starting static elaboration
Completed static elaboration
Starting simulation data flow analysis
Completed simulation data flow analysis
Time Resolution for simulation is 1ps
Compiling package std.standard
Compiling package std.textio
Compiling package ieee.std_logic_1164
Compiling package ieee.numeric_std
Compiling architecture behavioral of entity xil_defaultlib.CLOCK [clock_default]
Compiling architecture behavioral of entity xil_defaultlib.Decoder_2_to_4 [decoder_2_to_4_default]
Compiling architecture behavioral of entity xil_defaultlib.ins_decoder [ins_decoder_default]
Compiling architecture behavioral of entity xil_defaultlib.MUX_2_way_4_bit [mux_2_way_4_bit_default]
Compiling architecture behavioral of entity xil_defaultlib.Decoder_3_to_8 [decoder_3_to_8_default]
Compiling architecture behavioral of entity xil_defaultlib.Register_4_bit [register_4_bit_default]
Compiling architecture behavioral of entity xil_defaultlib.RegisterBank [registerbank_default]
Compiling architecture behavioral of entity xil_defaultlib.MUX_8_to_1 [mux_8_to_1_default]
Compiling architecture behavioral of entity xil_defaultlib.MUX_8_way_4_bit [mux_8_way_4_bit_default]
Compiling architecture behavioral of entity xil_defaultlib.HA [ha_default]
Compiling architecture behavioral of entity xil_defaultlib.FA [fa_default]
Compiling architecture behavioral of entity xil_defaultlib.Add_Sub_4 [add_sub_4_default]
Compiling architecture behavioral of entity xil_defaultlib.D_FF [d_ff_default]
Compiling architecture behavioral of entity xil_defaultlib.ProgramCounter [programcounter_default]
Compiling architecture behavioral of entity xil_defaultlib.RCA_3 [rca_3_default]
Compiling architecture behavioral of entity xil_defaultlib.MUX_2_way_3_bit [mux_2_way_3_bit_default]
Compiling architecture behavioral of entity xil_defaultlib.PROM [prom_default]
Compiling architecture behavioral of entity xil_defaultlib.LUT_16_7 [lut_16_7_default]
Compiling architecture behavioral of entity xil_defaultlib.Nanoprocessor1 [nanoprocessor1_default]
Compiling architecture behavioral of entity xil_defaultlib.tb_nanoprocessor1
Built simulation snapshot TB_Nanoprocessor1_behav
INFO: [USF-XSim-69] 'elaborate' step finished in '2' seconds
INFO: [USF-XSim-4] XSim::Simulate design
INFO: [USF-XSim-61] Executing 'SIMULATE' step in 'L:/Documents/Xilinx/Processor1/Nanoprocessor/Nanoprocessor1.sim/sim_1/behav/xsim'
INFO: [USF-XSim-98] *** Running xsim
   with args "TB_Nanoprocessor1_behav -key {Behavioral:sim_1:Functional:TB_Nanoprocessor1} -tclbatch {TB_Nanoprocessor1.tcl} -log {simulate.log}"
INFO: [USF-XSim-8] Loading simulator feature
Vivado Simulator 2018.2
Time resolution is 1 ps
source TB_Nanoprocessor1.tcl
# set curr_wave [current_wave_config]
# if { [string length $curr_wave] == 0 } {
#   if { [llength [get_objects]] > 0} {
#     add_wave /
#     set_property needs_save false [current_wave_config]
#   } else {
#      send_msg_id Add_Wave-1 WARNING "No top level signals found. Simulator will start without a wave window. If you want to open a wave window go to 'File->New Waveform Configuration' or type 'create_wave_config' in the TCL console."
#   }
# }
# run 1000ns
INFO: [USF-XSim-96] XSim completed. Design snapshot 'TB_Nanoprocessor1_behav' loaded.
INFO: [USF-XSim-97] XSim simulation ran for 1000ns
close_sim
INFO: [Simtcl 6-16] Simulation closed
launch_simulation
INFO: [Vivado 12-5682] Launching behavioral simulation in 'L:/Documents/Xilinx/Processor1/Nanoprocessor/Nanoprocessor1.sim/sim_1/behav/xsim'
INFO: [SIM-utils-51] Simulation object is 'sim_1'
INFO: [SIM-utils-54] Inspecting design source files for 'TB_Nanoprocessor1' in fileset 'sim_1'...
INFO: [USF-XSim-97] Finding global include files...
INFO: [USF-XSim-98] Fetching design files from 'sim_1'...
INFO: [USF-XSim-2] XSim::Compile design
INFO: [USF-XSim-61] Executing 'COMPILE and ANALYZE' step in 'L:/Documents/Xilinx/Processor1/Nanoprocessor/Nanoprocessor1.sim/sim_1/behav/xsim'
"xvhdl --incr --relax -prj TB_Nanoprocessor1_vhdl.prj"
INFO: [VRFC 10-163] Analyzing VHDL file "L:/Documents/Xilinx/Processor1/Nanoprocessor/Nanoprocessor1.srcs/sim_1/new/TB_Nanoprocessor1.vhd" into library xil_defaultlib
INFO: [VRFC 10-307] analyzing entity TB_Nanoprocessor1
INFO: [USF-XSim-69] 'compile' step finished in '1' seconds
INFO: [USF-XSim-3] XSim::Elaborate design
INFO: [USF-XSim-61] Executing 'ELABORATE' step in 'L:/Documents/Xilinx/Processor1/Nanoprocessor/Nanoprocessor1.sim/sim_1/behav/xsim'
Vivado Simulator 2018.2
Copyright 1986-1999, 2001-2018 Xilinx, Inc. All Rights Reserved.
Running: L:/Applications/Xilinx/Vivado/2018.2/bin/unwrapped/win64.o/xelab.exe -wto c5e211a677664013b4c7687c725313d9 --incr --debug typical --relax --mt 2 -L xil_defaultlib -L secureip --snapshot TB_Nanoprocessor1_behav xil_defaultlib.TB_Nanoprocessor1 -log elaborate.log 
Using 2 slave threads.
Starting static elaboration
Completed static elaboration
Starting simulation data flow analysis
Completed simulation data flow analysis
Time Resolution for simulation is 1ps
Compiling package std.standard
Compiling package std.textio
Compiling package ieee.std_logic_1164
Compiling package ieee.numeric_std
Compiling architecture behavioral of entity xil_defaultlib.CLOCK [clock_default]
Compiling architecture behavioral of entity xil_defaultlib.Decoder_2_to_4 [decoder_2_to_4_default]
Compiling architecture behavioral of entity xil_defaultlib.ins_decoder [ins_decoder_default]
Compiling architecture behavioral of entity xil_defaultlib.MUX_2_way_4_bit [mux_2_way_4_bit_default]
Compiling architecture behavioral of entity xil_defaultlib.Decoder_3_to_8 [decoder_3_to_8_default]
Compiling architecture behavioral of entity xil_defaultlib.Register_4_bit [register_4_bit_default]
Compiling architecture behavioral of entity xil_defaultlib.RegisterBank [registerbank_default]
Compiling architecture behavioral of entity xil_defaultlib.MUX_8_to_1 [mux_8_to_1_default]
Compiling architecture behavioral of entity xil_defaultlib.MUX_8_way_4_bit [mux_8_way_4_bit_default]
Compiling architecture behavioral of entity xil_defaultlib.HA [ha_default]
Compiling architecture behavioral of entity xil_defaultlib.FA [fa_default]
Compiling architecture behavioral of entity xil_defaultlib.Add_Sub_4 [add_sub_4_default]
Compiling architecture behavioral of entity xil_defaultlib.D_FF [d_ff_default]
Compiling architecture behavioral of entity xil_defaultlib.ProgramCounter [programcounter_default]
Compiling architecture behavioral of entity xil_defaultlib.RCA_3 [rca_3_default]
Compiling architecture behavioral of entity xil_defaultlib.MUX_2_way_3_bit [mux_2_way_3_bit_default]
Compiling architecture behavioral of entity xil_defaultlib.PROM [prom_default]
Compiling architecture behavioral of entity xil_defaultlib.LUT_16_7 [lut_16_7_default]
Compiling architecture behavioral of entity xil_defaultlib.Nanoprocessor1 [nanoprocessor1_default]
Compiling architecture behavioral of entity xil_defaultlib.tb_nanoprocessor1
Built simulation snapshot TB_Nanoprocessor1_behav
INFO: [USF-XSim-69] 'elaborate' step finished in '1' seconds
INFO: [USF-XSim-4] XSim::Simulate design
INFO: [USF-XSim-61] Executing 'SIMULATE' step in 'L:/Documents/Xilinx/Processor1/Nanoprocessor/Nanoprocessor1.sim/sim_1/behav/xsim'
INFO: [USF-XSim-98] *** Running xsim
   with args "TB_Nanoprocessor1_behav -key {Behavioral:sim_1:Functional:TB_Nanoprocessor1} -tclbatch {TB_Nanoprocessor1.tcl} -log {simulate.log}"
INFO: [USF-XSim-8] Loading simulator feature
Vivado Simulator 2018.2
Time resolution is 1 ps
source TB_Nanoprocessor1.tcl
# set curr_wave [current_wave_config]
# if { [string length $curr_wave] == 0 } {
#   if { [llength [get_objects]] > 0} {
#     add_wave /
#     set_property needs_save false [current_wave_config]
#   } else {
#      send_msg_id Add_Wave-1 WARNING "No top level signals found. Simulator will start without a wave window. If you want to open a wave window go to 'File->New Waveform Configuration' or type 'create_wave_config' in the TCL console."
#   }
# }
# run 1000ns
INFO: [USF-XSim-96] XSim completed. Design snapshot 'TB_Nanoprocessor1_behav' loaded.
INFO: [USF-XSim-97] XSim simulation ran for 1000ns
add_files -fileset constrs_1 -norecurse L:/Documents/Xilinx/Processor1/Basys3Labs.xdc
launch_runs synth_1 -jobs 8
[Mon Apr 22 19:47:43 2024] Launched synth_1...
Run output will be captured here: L:/Documents/Xilinx/Processor1/Nanoprocessor/Nanoprocessor1.runs/synth_1/runme.log
launch_runs impl_1 -jobs 8
[Mon Apr 22 19:48:11 2024] Launched impl_1...
Run output will be captured here: L:/Documents/Xilinx/Processor1/Nanoprocessor/Nanoprocessor1.runs/impl_1/runme.log
launch_runs impl_1 -to_step write_bitstream -jobs 8
[Mon Apr 22 19:50:09 2024] Launched impl_1...
Run output will be captured here: L:/Documents/Xilinx/Processor1/Nanoprocessor/Nanoprocessor1.runs/impl_1/runme.log
close_sim
INFO: [Simtcl 6-16] Simulation closed
exit
INFO: [Common 17-206] Exiting Vivado at Mon Apr 22 19:56:16 2024...
