#-----------------------------------------------------------
# Vivado v2018.2.1 (64-bit)
# SW Build 2288692 on Thu Jul 26 18:24:02 MDT 2018
# IP Build 2289599 on Thu Jul 26 21:09:20 MDT 2018
# Start of session at: Sun May  5 22:58:38 2024
# Process ID: 26524
# Current directory: C:/Users/USER/Documents/vivado/Basic Nanoprocessor/Nanoprocessor
# Command line: vivado.exe -gui_launcher_event rodinguilauncherevent14044 C:\Users\USER\Documents\vivado\Basic Nanoprocessor\Nanoprocessor\Nanoprocessor1.xpr
# Log file: C:/Users/USER/Documents/vivado/Basic Nanoprocessor/Nanoprocessor/vivado.log
# Journal file: C:/Users/USER/Documents/vivado/Basic Nanoprocessor/Nanoprocessor\vivado.jou
#-----------------------------------------------------------
start_gui
open_project {C:/Users/USER/Documents/vivado/Basic Nanoprocessor/Nanoprocessor/Nanoprocessor1.xpr}
INFO: [Project 1-313] Project file moved from 'C:/Users/USER/Documents/vivado/Nanoprocessor' since last save.
WARNING: [Project 1-312] File not found as 'C:/Users/USER/Documents/vivado/Basic Nanoprocessor/Basic Nanoprocessor/Basys3Labs.xdc'; using path 'C:/Users/USER/Documents/vivado/Basic Nanoprocessor/Basys3Labs.xdc' instead.
Scanning sources...
Finished scanning sources
WARNING: [Project 1-312] File not found as 'C:/Users/USER/Documents/vivado/Basic Nanoprocessor/Basic Nanoprocessor/Basys3Labs.xdc'; using path 'C:/Users/USER/Documents/vivado/Basic Nanoprocessor/Basys3Labs.xdc' instead.
WARNING: [Project 1-312] File not found as 'C:/Users/USER/Documents/vivado/Basic Nanoprocessor/Basic Nanoprocessor/Basys3Labs.xdc'; using path 'C:/Users/USER/Documents/vivado/Basic Nanoprocessor/Basys3Labs.xdc' instead.
INFO: [IP_Flow 19-234] Refreshing IP repositories
INFO: [IP_Flow 19-1704] No user IP repositories specified
INFO: [IP_Flow 19-2313] Loaded Vivado IP repository 'D:/Softwares/xilinx/Vivado/2018.2/data/ip'.
update_compile_order -fileset sources_1
exit
INFO: [Common 17-206] Exiting Vivado at Sun May  5 22:59:20 2024...
